2022-Nov-25 14:41:50 INFO [restartedMain] com.cpa.uhpocms.InstituteadminApplication.main(InstituteadminApplication.java:13) - in Main class
2022-Nov-25 14:43:59 INFO [restartedMain] com.cpa.uhpocms.InstituteadminApplication.main(InstituteadminApplication.java:13) - in Main class
2022-Nov-25 14:44:07 INFO [http-nio-8080-exec-9] com.cpa.uhpocms.controller.InstituteAdminController.getNameIntitute(InstituteAdminController.java:59) - in getByName
2022-Nov-25 14:45:23 INFO [restartedMain] com.cpa.uhpocms.InstituteadminApplication.main(InstituteadminApplication.java:13) - in Main class
2022-Nov-25 14:46:08 INFO [restartedMain] com.cpa.uhpocms.InstituteadminApplication.main(InstituteadminApplication.java:13) - in Main class
2022-Nov-25 14:46:27 INFO [restartedMain] com.cpa.uhpocms.InstituteadminApplication.main(InstituteadminApplication.java:13) - in Main class
2022-Nov-25 14:46:38 INFO [http-nio-8080-exec-2] com.cpa.uhpocms.controller.InstituteAdminController.getNameIntitute(InstituteAdminController.java:59) - in getByName
2022-Nov-25 14:46:44 INFO [http-nio-8080-exec-3] com.cpa.uhpocms.controller.InstituteAdminController.getNameIntitute(InstituteAdminController.java:59) - in getByName
2022-Nov-25 14:46:44 DEBUG [http-nio-8080-exec-3] com.cpa.uhpocms.controller.InstituteAdminController.getNameIntitute(InstituteAdminController.java:67) - Not Found
2022-Nov-25 14:48:51 INFO [restartedMain] com.cpa.uhpocms.InstituteadminApplication.main(InstituteadminApplication.java:13) - in Main class
2022-Nov-25 14:49:20 INFO [restartedMain] com.cpa.uhpocms.InstituteadminApplication.main(InstituteadminApplication.java:13) - in Main class
2022-Nov-25 14:49:29 INFO [http-nio-8080-exec-2] com.cpa.uhpocms.controller.InstituteAdminController.getAllAuthUsers(InstituteAdminController.java:105) - in GetAllIntituteAdminProfile...
2022-Nov-25 14:49:46 INFO [http-nio-8080-exec-3] com.cpa.uhpocms.controller.InstituteAdminController.getAllAuthUsers(InstituteAdminController.java:105) - in GetAllIntituteAdminProfile...
2022-Nov-25 14:49:46 ERROR [http-nio-8080-exec-3] com.cpa.uhpocms.controller.InstituteAdminController.getAllAuthUsers(InstituteAdminController.java:117) - Not found ALL Data
2022-Nov-25 14:51:52 INFO [restartedMain] com.cpa.uhpocms.InstituteadminApplication.main(InstituteadminApplication.java:13) - in Main class
2022-Nov-25 14:52:02 INFO [http-nio-8080-exec-2] com.cpa.uhpocms.controller.InstituteAdminController.saveInstituteAdmin(InstituteAdminController.java:45) - In Post Method...
2022-Nov-25 14:52:02 ERROR [http-nio-8080-exec-2] com.cpa.uhpocms.controller.InstituteAdminController.saveInstituteAdmin(InstituteAdminController.java:50) - User Creation failed in post method..
2022-Nov-25 14:52:18 INFO [http-nio-8080-exec-4] com.cpa.uhpocms.controller.InstituteAdminController.saveInstituteAdmin(InstituteAdminController.java:45) - In Post Method...
2022-Nov-25 14:54:04 INFO [restartedMain] com.cpa.uhpocms.InstituteadminApplication.main(InstituteadminApplication.java:13) - in Main class
2022-Nov-25 14:54:32 INFO [http-nio-8080-exec-2] com.cpa.uhpocms.controller.InstituteAdminController.updateEmployee(InstituteAdminController.java:85) - inside the put method..
2022-Nov-25 14:54:32 INFO [http-nio-8080-exec-2] com.cpa.uhpocms.controller.InstituteAdminController.updateEmployee(InstituteAdminController.java:90) - Update Operation is failed...
2022-Nov-25 14:54:53 INFO [http-nio-8080-exec-4] com.cpa.uhpocms.controller.InstituteAdminController.updateEmployee(InstituteAdminController.java:85) - inside the put method..
2022-Nov-25 14:55:55 INFO [restartedMain] com.cpa.uhpocms.InstituteadminApplication.main(InstituteadminApplication.java:13) - in Main class
2022-Nov-25 14:56:16 INFO [http-nio-8080-exec-1] com.cpa.uhpocms.controller.InstituteAdminController.deleteDepartmentById(InstituteAdminController.java:130) - inside the delete method...
2022-Nov-25 14:56:29 INFO [http-nio-8080-exec-2] com.cpa.uhpocms.controller.InstituteAdminController.deleteDepartmentById(InstituteAdminController.java:130) - inside the delete method...
2022-Nov-25 14:56:29 ERROR [http-nio-8080-exec-2] com.cpa.uhpocms.controller.InstituteAdminController.deleteDepartmentById(InstituteAdminController.java:138) - User Deletion Failed...
2022-Nov-25 14:56:45 INFO [http-nio-8080-exec-4] com.cpa.uhpocms.controller.InstituteAdminController.getNameIntitute(InstituteAdminController.java:60) - in getByName
2022-Nov-25 14:56:45 DEBUG [http-nio-8080-exec-4] com.cpa.uhpocms.controller.InstituteAdminController.getNameIntitute(InstituteAdminController.java:68) - Not Found
2022-Nov-25 14:57:20 INFO [http-nio-8080-exec-6] com.cpa.uhpocms.controller.InstituteAdminController.updateEmployee(InstituteAdminController.java:85) - inside the put method..
2022-Nov-25 14:57:20 INFO [http-nio-8080-exec-6] com.cpa.uhpocms.controller.InstituteAdminController.updateEmployee(InstituteAdminController.java:90) - Update Operation is failed...
2022-Nov-25 16:24:37 INFO [restartedMain] com.cpa.uhpocms.InstituteadminApplication.main(InstituteadminApplication.java:13) - in Main class
2022-Nov-25 16:25:01 INFO [http-nio-8090-exec-2] com.cpa.uhpocms.controller.InstituteAdminController.getNameIntitute(InstituteAdminController.java:60) - in getByName
2022-Nov-25 16:25:22 INFO [http-nio-8090-exec-3] com.cpa.uhpocms.controller.InstituteAdminController.getAllAuthUsers(InstituteAdminController.java:110) - in GetAllIntituteAdminProfile...
2022-Nov-25 16:25:45 INFO [http-nio-8090-exec-4] com.cpa.uhpocms.controller.InstituteAdminController.saveInstituteAdmin(InstituteAdminController.java:45) - In Post Method...
2022-Nov-25 16:25:46 ERROR [http-nio-8090-exec-4] com.cpa.uhpocms.controller.InstituteAdminController.saveInstituteAdmin(InstituteAdminController.java:50) - User Creation failed in post method..
2022-Nov-25 16:25:59 INFO [http-nio-8090-exec-6] com.cpa.uhpocms.controller.InstituteAdminController.updateEmployee(InstituteAdminController.java:85) - inside the put method..
2022-Nov-25 16:25:59 INFO [http-nio-8090-exec-6] com.cpa.uhpocms.controller.InstituteAdminController.updateEmployee(InstituteAdminController.java:90) - Update Operation is failed...
2022-Nov-25 16:36:53 INFO [restartedMain] com.cpa.uhpocms.InstituteadminApplication.main(InstituteadminApplication.java:13) - in Main class
2022-Nov-25 16:37:22 INFO [http-nio-8090-exec-1] com.cpa.uhpocms.controller.InstituteAdminController.saveInstituteAdmin(InstituteAdminController.java:45) - In Post Method...
2022-Nov-25 16:37:52 INFO [http-nio-8090-exec-3] com.cpa.uhpocms.controller.InstituteAdminController.updateEmployee(InstituteAdminController.java:85) - inside the put method..
2022-Nov-25 16:38:05 INFO [http-nio-8090-exec-5] com.cpa.uhpocms.controller.InstituteAdminController.getNameIntitute(InstituteAdminController.java:60) - in getByName
2022-Nov-29 21:07:39 INFO [restartedMain] com.cpa.uhpocms.InstituteadminApplication.main(InstituteadminApplication.java:13) - in Main class
2022-Nov-29 21:09:31 INFO [http-nio-8090-exec-2] com.cpa.uhpocms.controller.InstituteAdminController.saveInstituteAdmin(InstituteAdminController.java:45) - In Post Method...
2022-Nov-29 21:09:59 INFO [restartedMain] com.cpa.uhpocms.InstituteadminApplication.main(InstituteadminApplication.java:13) - in Main class
2022-Nov-29 21:10:12 INFO [http-nio-8090-exec-10] com.cpa.uhpocms.controller.InstituteAdminController.saveInstituteAdmin(InstituteAdminController.java:45) - In Post Method...
2022-Nov-29 21:10:31 INFO [http-nio-8090-exec-7] com.cpa.uhpocms.controller.InstituteAdminController.saveInstituteAdmin(InstituteAdminController.java:45) - In Post Method...
2022-Nov-29 21:10:45 INFO [http-nio-8090-exec-6] com.cpa.uhpocms.controller.InstituteAdminController.saveInstituteAdmin(InstituteAdminController.java:45) - In Post Method...
2022-Nov-29 21:11:20 INFO [http-nio-8090-exec-4] com.cpa.uhpocms.controller.InstituteAdminController.saveInstituteAdmin(InstituteAdminController.java:45) - In Post Method...
2022-Nov-29 21:11:20 ERROR [http-nio-8090-exec-4] com.cpa.uhpocms.controller.InstituteAdminController.saveInstituteAdmin(InstituteAdminController.java:60) - User Creation failed in post method..
2022-Nov-29 21:12:09 INFO [http-nio-8090-exec-1] com.cpa.uhpocms.controller.InstituteAdminController.saveInstituteAdmin(InstituteAdminController.java:45) - In Post Method...
2022-Nov-29 21:12:55 INFO [http-nio-8090-exec-2] com.cpa.uhpocms.controller.InstituteAdminController.saveInstituteAdmin(InstituteAdminController.java:45) - In Post Method...
2022-Nov-29 21:12:55 ERROR [http-nio-8090-exec-2] com.cpa.uhpocms.controller.InstituteAdminController.saveInstituteAdmin(InstituteAdminController.java:60) - User Creation failed in post method..
2022-Nov-29 21:13:04 INFO [http-nio-8090-exec-10] com.cpa.uhpocms.controller.InstituteAdminController.saveInstituteAdmin(InstituteAdminController.java:45) - In Post Method...
2022-Nov-29 21:17:53 INFO [restartedMain] com.cpa.uhpocms.InstituteadminApplication.main(InstituteadminApplication.java:13) - in Main class
2022-Nov-29 21:18:08 INFO [restartedMain] com.cpa.uhpocms.InstituteadminApplication.main(InstituteadminApplication.java:13) - in Main class
2022-Nov-29 21:18:40 INFO [restartedMain] com.cpa.uhpocms.InstituteadminApplication.main(InstituteadminApplication.java:13) - in Main class
2022-Nov-29 21:19:13 INFO [restartedMain] com.cpa.uhpocms.InstituteadminApplication.main(InstituteadminApplication.java:13) - in Main class
2022-Nov-29 21:19:26 INFO [restartedMain] com.cpa.uhpocms.InstituteadminApplication.main(InstituteadminApplication.java:13) - in Main class
2022-Nov-29 21:20:11 INFO [restartedMain] com.cpa.uhpocms.InstituteadminApplication.main(InstituteadminApplication.java:13) - in Main class
2022-Nov-29 21:20:19 INFO [http-nio-8090-exec-1] com.cpa.uhpocms.controller.InstituteAdminController.saveInstituteAdmin(InstituteAdminController.java:45) - In Post Method...
2022-Nov-29 21:21:20 INFO [http-nio-8090-exec-4] com.cpa.uhpocms.controller.InstituteAdminController.saveInstituteAdmin(InstituteAdminController.java:45) - In Post Method...
2022-Nov-29 21:21:28 INFO [http-nio-8090-exec-5] com.cpa.uhpocms.controller.InstituteAdminController.saveInstituteAdmin(InstituteAdminController.java:45) - In Post Method...
2022-Nov-29 21:22:01 INFO [http-nio-8090-exec-7] com.cpa.uhpocms.controller.InstituteAdminController.saveInstituteAdmin(InstituteAdminController.java:45) - In Post Method...
2022-Nov-29 21:22:19 INFO [http-nio-8090-exec-8] com.cpa.uhpocms.controller.InstituteAdminController.saveInstituteAdmin(InstituteAdminController.java:45) - In Post Method...
2022-Nov-29 21:22:37 INFO [http-nio-8090-exec-10] com.cpa.uhpocms.controller.InstituteAdminController.saveInstituteAdmin(InstituteAdminController.java:45) - In Post Method...
2022-Nov-29 22:13:01 INFO [restartedMain] com.cpa.uhpocms.InstituteadminApplication.main(InstituteadminApplication.java:13) - in Main class
2022-Nov-29 22:13:13 INFO [http-nio-8090-exec-1] com.cpa.uhpocms.controller.InstituteAdminController.getAllAuthUsers(InstituteAdminController.java:122) - in GetAllIntituteAdminProfile...
2022-Nov-29 22:13:42 INFO [http-nio-8090-exec-3] com.cpa.uhpocms.controller.InstituteAdminController.deleteDepartmentById(InstituteAdminController.java:149) - inside the delete method...
2022-Nov-29 22:13:48 INFO [http-nio-8090-exec-4] com.cpa.uhpocms.controller.InstituteAdminController.getAllAuthUsers(InstituteAdminController.java:122) - in GetAllIntituteAdminProfile...
2022-Nov-29 22:49:12 INFO [restartedMain] com.cpa.uhpocms.InstituteadminApplication.main(InstituteadminApplication.java:13) - in Main class
2022-Nov-29 22:49:30 INFO [http-nio-8090-exec-1] com.cpa.uhpocms.controller.InstituteAdminController.deleteDepartmentById(InstituteAdminController.java:149) - inside the delete method...
2022-Nov-29 22:50:11 INFO [restartedMain] com.cpa.uhpocms.InstituteadminApplication.main(InstituteadminApplication.java:13) - in Main class
2022-Nov-29 22:50:28 INFO [http-nio-8090-exec-2] com.cpa.uhpocms.controller.InstituteAdminController.deleteDepartmentById(InstituteAdminController.java:149) - inside the delete method...
2022-Nov-29 22:51:31 INFO [http-nio-8090-exec-5] com.cpa.uhpocms.controller.InstituteAdminController.saveInstituteAdmin(InstituteAdminController.java:46) - In Post Method...
2022-Nov-29 22:51:39 INFO [http-nio-8090-exec-7] com.cpa.uhpocms.controller.InstituteAdminController.saveInstituteAdmin(InstituteAdminController.java:46) - In Post Method...
2022-Nov-29 22:51:53 INFO [http-nio-8090-exec-8] com.cpa.uhpocms.controller.InstituteAdminController.getAllAuthUsers(InstituteAdminController.java:122) - in GetAllIntituteAdminProfile...
2022-Nov-29 22:55:33 INFO [restartedMain] com.cpa.uhpocms.InstituteadminApplication.main(InstituteadminApplication.java:13) - in Main class
2022-Nov-29 22:58:36 INFO [restartedMain] com.cpa.uhpocms.InstituteadminApplication.main(InstituteadminApplication.java:13) - in Main class
2022-Nov-29 23:07:25 INFO [restartedMain] com.cpa.uhpocms.InstituteadminApplication.main(InstituteadminApplication.java:13) - in Main class
2022-Nov-29 23:07:41 INFO [restartedMain] com.cpa.uhpocms.InstituteadminApplication.main(InstituteadminApplication.java:13) - in Main class
2022-Nov-29 23:07:53 INFO [restartedMain] com.cpa.uhpocms.InstituteadminApplication.main(InstituteadminApplication.java:13) - in Main class
2022-Nov-29 23:36:51 INFO [restartedMain] com.cpa.uhpocms.InstituteadminApplication.main(InstituteadminApplication.java:13) - in Main class
2022-Nov-30 10:06:53 INFO [restartedMain] com.cpa.uhpocms.InstituteadminApplication.main(InstituteadminApplication.java:13) - in Main class
2022-Nov-30 10:06:57 INFO [restartedMain] com.cpa.uhpocms.InstituteadminApplication.main(InstituteadminApplication.java:13) - in Main class
2022-Nov-30 10:07:25 INFO [restartedMain] com.cpa.uhpocms.InstituteadminApplication.main(InstituteadminApplication.java:13) - in Main class
2022-Nov-30 10:07:37 INFO [restartedMain] com.cpa.uhpocms.InstituteadminApplication.main(InstituteadminApplication.java:13) - in Main class
2022-Nov-30 10:07:46 INFO [restartedMain] com.cpa.uhpocms.InstituteadminApplication.main(InstituteadminApplication.java:13) - in Main class
2022-Nov-30 10:21:38 INFO [restartedMain] com.cpa.uhpocms.InstituteadminApplication.main(InstituteadminApplication.java:13) - in Main class
2022-Nov-30 10:24:54 INFO [restartedMain] com.cpa.uhpocms.InstituteadminApplication.main(InstituteadminApplication.java:13) - in Main class
2022-Nov-30 10:26:42 INFO [restartedMain] com.cpa.uhpocms.InstituteadminApplication.main(InstituteadminApplication.java:13) - in Main class
2022-Nov-30 10:26:56 INFO [restartedMain] com.cpa.uhpocms.InstituteadminApplication.main(InstituteadminApplication.java:13) - in Main class
2022-Nov-30 10:29:42 DEBUG [main      ] com.cpa.uhpocms.serviceimpl.InstituteAdminServiceImpl.getInstitutebyName(InstituteAdminServiceImpl.java:36) - in GetInstituteByName method...
2022-Nov-30 10:29:42 DEBUG [main      ] com.cpa.uhpocms.serviceimpl.InstituteAdminServiceImpl.getAllInstitute(InstituteAdminServiceImpl.java:42) - in GetAllInstituteAdmin method...
2022-Nov-30 10:29:42 INFO [main      ] com.cpa.uhpocms.serviceimpl.InstituteAdminServiceImpl.getAllInstitute(InstituteAdminServiceImpl.java:45) - Fetching All List Data [InstituteAdmin [adminId=1, userRole=admin, firstName=ravi, lastName=g, adminEmail=ravi, dob=12-10-2022, mobilePhone=1223, adminGender=Male, adminDepartment=1, adminAddress1=khradi, adminAddress2=kharadi, adminCity=pune, adminState=mh, adminZip=123, profilePics=ad, createdBy=admin, createdOn=Tue Nov 22 00:53:00 IST 2022, modifiedBy=admin, modifiedOn=Tue Nov 22 00:53:00 IST 2022, activeUser=false, institutionId=1, userId=1]]
2022-Nov-30 10:29:42 DEBUG [main      ] com.cpa.uhpocms.serviceimpl.InstituteAdminServiceImpl.saveInstituteAdmin(InstituteAdminServiceImpl.java:23) - In SaveInstituteAdmin Method...
2022-Nov-30 10:29:42 INFO [main      ] com.cpa.uhpocms.serviceimpl.InstituteAdminServiceImpl.saveInstituteAdmin(InstituteAdminServiceImpl.java:30) - The Values saveInstituteInstituteAdmin [adminId=1, userRole=admin, firstName=ravi, lastName=g, adminEmail=ravi, dob=12-10-2022, mobilePhone=1223, adminGender=Male, adminDepartment=1, adminAddress1=khradi, adminAddress2=kharadi, adminCity=pune, adminState=mh, adminZip=123, profilePics=ad, createdBy=admin, createdOn=Tue Nov 22 00:53:00 IST 2022, modifiedBy=admin, modifiedOn=Tue Nov 22 00:53:00 IST 2022, activeUser=false, institutionId=1, userId=1]
2022-Nov-30 10:29:42 DEBUG [main      ] com.cpa.uhpocms.serviceimpl.InstituteAdminServiceImpl.deleteDepartmentByName(InstituteAdminServiceImpl.java:79) - in deleteByInstituteAdmin Name
2022-Nov-30 10:29:42 DEBUG [main      ] com.cpa.uhpocms.serviceimpl.InstituteAdminServiceImpl.updateInstituteAdmin(InstituteAdminServiceImpl.java:51) - InSaveInstituteAdmin...
2022-Nov-30 10:29:42 INFO [main      ] com.cpa.uhpocms.serviceimpl.InstituteAdminServiceImpl.updateInstituteAdmin(InstituteAdminServiceImpl.java:53) - The Update Method is...InstituteAdmin [adminId=1, userRole=admin, firstName=ravi, lastName=jadhav, adminEmail=ravi, dob=12-10-2022, mobilePhone=1223, adminGender=Male, adminDepartment=1, adminAddress1=khradi, adminAddress2=kharadi, adminCity=pune, adminState=mh, adminZip=123, profilePics=ad, createdBy=admin, createdOn=Wed Nov 30 10:29:42 IST 2022, modifiedBy=admin, modifiedOn=Wed Nov 30 10:29:42 IST 2022, activeUser=false, institutionId=1, userId=1]
2022-Nov-30 10:30:04 INFO [restartedMain] com.cpa.uhpocms.InstituteAdminApplication.main(InstituteAdminApplication.java:13) - in Main class
2022-Nov-30 10:30:57 INFO [restartedMain] com.cpa.uhpocms.InstituteAdminApplication.main(InstituteAdminApplication.java:13) - in Main class
2022-Nov-30 10:38:41 INFO [restartedMain] com.cpa.uhpocms.InstituteAdminApplication.main(InstituteAdminApplication.java:13) - in Main class
2022-Nov-30 10:42:46 INFO [restartedMain] com.cpa.uhpocms.InstituteAdminApplication.main(InstituteAdminApplication.java:13) - in Main class
2022-Nov-30 10:49:16 INFO [restartedMain] com.cpa.uhpocms.InstituteAdminApplication.main(InstituteAdminApplication.java:13) - in Main class
2022-Nov-30 10:50:56 INFO [restartedMain] com.cpa.uhpocms.InstituteAdminApplication.main(InstituteAdminApplication.java:13) - in Main class
2022-Nov-30 10:52:20 INFO [restartedMain] com.cpa.uhpocms.InstituteAdminApplication.main(InstituteAdminApplication.java:13) - in Main class
2022-Nov-30 10:52:25 INFO [restartedMain] com.cpa.uhpocms.InstituteAdminApplication.main(InstituteAdminApplication.java:13) - in Main class
2022-Nov-30 10:57:22 INFO [restartedMain] com.cpa.uhpocms.InstituteAdminApplication.main(InstituteAdminApplication.java:13) - in Main class
2022-Nov-30 11:10:17 INFO [restartedMain] com.cpa.uhpocms.InstituteAdminApplication.main(InstituteAdminApplication.java:13) - in Main class
2022-Nov-30 11:12:26 INFO [restartedMain] com.cpa.uhpocms.InstituteAdminApplication.main(InstituteAdminApplication.java:13) - in Main class
2022-Nov-30 11:12:39 INFO [http-nio-8090-exec-2] com.cpa.uhpocms.controller.InstituteAdminController.saveInstituteAdmin(InstituteAdminController.java:52) - In Post Method...
2022-Nov-30 11:12:39 DEBUG [http-nio-8090-exec-2] com.cpa.uhpocms.serviceimpl.InstituteAdminServiceImpl.findByUserId(InstituteAdminServiceImpl.java:137) - in unique key constraint...
2022-Nov-30 11:12:39 DEBUG [http-nio-8090-exec-2] com.cpa.uhpocms.serviceimpl.InstituteAdminServiceImpl.saveInstituteAdmin(InstituteAdminServiceImpl.java:39) - In SaveInstituteAdmin Method...
2022-Nov-30 11:12:39 INFO [http-nio-8090-exec-2] com.cpa.uhpocms.serviceimpl.InstituteAdminServiceImpl.saveInstituteAdmin(InstituteAdminServiceImpl.java:46) - The Values saveInstituteInstituteAdmin [adminId=28, userRole=admin, firstName=dinesh, lastName=karthik, adminEmail=dk009, dob=12/04/2022, mobilePhone=123, adminGender=Male, adminDepartment=1, adminAddress1=kharadi, adminAddress2=Rakshak Nagar, adminCity=Pune, adminState=MH, adminZip=123, profilePics=ad, createdBy=admin, createdOn=Wed Nov 30 11:12:39 IST 2022, modifiedBy=admin, modifiedOn=Wed Nov 30 11:12:39 IST 2022, activeUser=true, institutionId=1, userId=4]
2022-Nov-30 11:12:39 INFO [http-nio-8090-exec-2] com.cpa.uhpocms.controller.InstituteAdminController.saveInstituteAdmin(InstituteAdminController.java:59) - Post ValuesInstituteAdmin [adminId=28, userRole=admin, firstName=dinesh, lastName=karthik, adminEmail=dk009, dob=12/04/2022, mobilePhone=123, adminGender=Male, adminDepartment=1, adminAddress1=kharadi, adminAddress2=Rakshak Nagar, adminCity=Pune, adminState=MH, adminZip=123, profilePics=ad, createdBy=admin, createdOn=Wed Nov 30 11:12:39 IST 2022, modifiedBy=admin, modifiedOn=Wed Nov 30 11:12:39 IST 2022, activeUser=true, institutionId=1, userId=4]
2022-Nov-30 11:12:51 INFO [http-nio-8090-exec-3] com.cpa.uhpocms.controller.InstituteAdminController.saveInstituteAdmin(InstituteAdminController.java:52) - In Post Method...
2022-Nov-30 11:12:51 DEBUG [http-nio-8090-exec-3] com.cpa.uhpocms.serviceimpl.InstituteAdminServiceImpl.findByUserId(InstituteAdminServiceImpl.java:137) - in unique key constraint...
2022-Nov-30 11:13:22 INFO [http-nio-8090-exec-5] com.cpa.uhpocms.controller.InstituteAdminController.saveInstituteAdmin(InstituteAdminController.java:52) - In Post Method...
2022-Nov-30 11:13:22 DEBUG [http-nio-8090-exec-5] com.cpa.uhpocms.serviceimpl.InstituteAdminServiceImpl.findByUserId(InstituteAdminServiceImpl.java:137) - in unique key constraint...
2022-Nov-30 11:13:22 DEBUG [http-nio-8090-exec-5] com.cpa.uhpocms.serviceimpl.InstituteAdminServiceImpl.saveInstituteAdmin(InstituteAdminServiceImpl.java:39) - In SaveInstituteAdmin Method...
2022-Nov-30 11:13:22 INFO [http-nio-8090-exec-5] com.cpa.uhpocms.serviceimpl.InstituteAdminServiceImpl.saveInstituteAdmin(InstituteAdminServiceImpl.java:46) - The Values saveInstituteInstituteAdmin [adminId=29, userRole=admin, firstName=manish, lastName=pandey, adminEmail=dk009, dob=12/04/2022, mobilePhone=123, adminGender=Male, adminDepartment=1, adminAddress1=kharadi, adminAddress2=Rakshak Nagar, adminCity=Pune, adminState=MH, adminZip=123, profilePics=ad, createdBy=admin, createdOn=Wed Nov 30 11:13:22 IST 2022, modifiedBy=admin, modifiedOn=Wed Nov 30 11:13:22 IST 2022, activeUser=true, institutionId=1, userId=1]
2022-Nov-30 11:13:22 INFO [http-nio-8090-exec-5] com.cpa.uhpocms.controller.InstituteAdminController.saveInstituteAdmin(InstituteAdminController.java:59) - Post ValuesInstituteAdmin [adminId=29, userRole=admin, firstName=manish, lastName=pandey, adminEmail=dk009, dob=12/04/2022, mobilePhone=123, adminGender=Male, adminDepartment=1, adminAddress1=kharadi, adminAddress2=Rakshak Nagar, adminCity=Pune, adminState=MH, adminZip=123, profilePics=ad, createdBy=admin, createdOn=Wed Nov 30 11:13:22 IST 2022, modifiedBy=admin, modifiedOn=Wed Nov 30 11:13:22 IST 2022, activeUser=true, institutionId=1, userId=1]
2022-Nov-30 11:13:42 INFO [http-nio-8090-exec-6] com.cpa.uhpocms.controller.InstituteAdminController.saveInstituteAdmin(InstituteAdminController.java:52) - In Post Method...
2022-Nov-30 11:13:42 DEBUG [http-nio-8090-exec-6] com.cpa.uhpocms.serviceimpl.InstituteAdminServiceImpl.findByUserId(InstituteAdminServiceImpl.java:137) - in unique key constraint...
2022-Nov-30 11:14:08 INFO [http-nio-8090-exec-8] com.cpa.uhpocms.controller.InstituteAdminController.saveInstituteAdmin(InstituteAdminController.java:52) - In Post Method...
2022-Nov-30 11:14:08 DEBUG [http-nio-8090-exec-8] com.cpa.uhpocms.serviceimpl.InstituteAdminServiceImpl.findByUserId(InstituteAdminServiceImpl.java:137) - in unique key constraint...
2022-Nov-30 11:14:08 DEBUG [http-nio-8090-exec-8] com.cpa.uhpocms.serviceimpl.InstituteAdminServiceImpl.saveInstituteAdmin(InstituteAdminServiceImpl.java:39) - In SaveInstituteAdmin Method...
2022-Nov-30 11:14:08 INFO [http-nio-8090-exec-8] com.cpa.uhpocms.serviceimpl.InstituteAdminServiceImpl.saveInstituteAdmin(InstituteAdminServiceImpl.java:46) - The Values saveInstituteInstituteAdmin [adminId=30, userRole=admin, firstName=shreyas, lastName=ayyer, adminEmail=dk009, dob=12/04/2022, mobilePhone=123, adminGender=Male, adminDepartment=1, adminAddress1=kharadi, adminAddress2=Rakshak Nagar, adminCity=Pune, adminState=MH, adminZip=123, profilePics=ad, createdBy=admin, createdOn=Wed Nov 30 11:14:08 IST 2022, modifiedBy=admin, modifiedOn=Wed Nov 30 11:14:08 IST 2022, activeUser=true, institutionId=1, userId=2]
2022-Nov-30 11:14:08 INFO [http-nio-8090-exec-8] com.cpa.uhpocms.controller.InstituteAdminController.saveInstituteAdmin(InstituteAdminController.java:59) - Post ValuesInstituteAdmin [adminId=30, userRole=admin, firstName=shreyas, lastName=ayyer, adminEmail=dk009, dob=12/04/2022, mobilePhone=123, adminGender=Male, adminDepartment=1, adminAddress1=kharadi, adminAddress2=Rakshak Nagar, adminCity=Pune, adminState=MH, adminZip=123, profilePics=ad, createdBy=admin, createdOn=Wed Nov 30 11:14:08 IST 2022, modifiedBy=admin, modifiedOn=Wed Nov 30 11:14:08 IST 2022, activeUser=true, institutionId=1, userId=2]
2022-Nov-30 11:14:34 INFO [http-nio-8090-exec-9] com.cpa.uhpocms.controller.InstituteAdminController.updateInstituteAdmin(InstituteAdminController.java:106) - inside the put method..
2022-Nov-30 11:14:34 DEBUG [http-nio-8090-exec-9] com.cpa.uhpocms.serviceimpl.InstituteAdminServiceImpl.getInstitutebyName(InstituteAdminServiceImpl.java:60) - in GetInstituteByName method...
2022-Nov-30 11:14:34 INFO [http-nio-8090-exec-9] com.cpa.uhpocms.controller.InstituteAdminController.updateInstituteAdmin(InstituteAdminController.java:110) - updateInstituteAdmin ValuesInstituteAdmin [adminId=30, userRole=admin, firstName=shreyas, lastName=ayyer, adminEmail=dk009, dob=12/04/2022, mobilePhone=123, adminGender=Male, adminDepartment=1, adminAddress1=kharadi, adminAddress2=Rakshak Nagar, adminCity=Pune, adminState=MH, adminZip=123, profilePics=ad, createdBy=admin, createdOn=2022-11-30 11:14:08.217, modifiedBy=admin, modifiedOn=2022-11-30 11:14:08.217, activeUser=true, institutionId=1, userId=2]
2022-Nov-30 11:14:34 DEBUG [http-nio-8090-exec-9] com.cpa.uhpocms.serviceimpl.InstituteAdminServiceImpl.updateInstituteAdmin(InstituteAdminServiceImpl.java:89) - InSaveInstituteAdmin...
2022-Nov-30 11:14:34 INFO [http-nio-8090-exec-9] com.cpa.uhpocms.serviceimpl.InstituteAdminServiceImpl.updateInstituteAdmin(InstituteAdminServiceImpl.java:91) - The Update Method is...InstituteAdmin [adminId=30, userRole=admin, firstName=shreyas, lastName=ayyer, adminEmail=dk009, dob=12/04/2022, mobilePhone=123, adminGender=Male, adminDepartment=1, adminAddress1=kharadi, adminAddress2=Rakshak Nagar, adminCity=Pune, adminState=MH, adminZip=123, profilePics=ad, createdBy=admin, createdOn=2022-11-30 11:14:08.217, modifiedBy=admin, modifiedOn=2022-11-30 11:14:08.217, activeUser=true, institutionId=1, userId=2]
2022-Nov-30 11:14:54 INFO [http-nio-8090-exec-10] com.cpa.uhpocms.controller.InstituteAdminController.getNameIntitute(InstituteAdminController.java:79) - in getByName
2022-Nov-30 11:14:54 DEBUG [http-nio-8090-exec-10] com.cpa.uhpocms.serviceimpl.InstituteAdminServiceImpl.getInstitutebyName(InstituteAdminServiceImpl.java:60) - in GetInstituteByName method...
2022-Nov-30 11:14:54 INFO [http-nio-8090-exec-10] com.cpa.uhpocms.controller.InstituteAdminController.getNameIntitute(InstituteAdminController.java:83) - GetInstituteByName ValuesInstituteAdmin [adminId=30, userRole=admin, firstName=shreyas, lastName=ayyer, adminEmail=shreyasayyer, dob=12/04/2022, mobilePhone=123, adminGender=Male, adminDepartment=1, adminAddress1=kharadi, adminAddress2=Rakshak Nagar, adminCity=Pune, adminState=MH, adminZip=123, profilePics=ad, createdBy=admin, createdOn=2022-11-30 11:14:08.217, modifiedBy=admin, modifiedOn=2022-11-30 11:14:34.975, activeUser=true, institutionId=1, userId=2]
2022-Nov-30 11:15:04 INFO [http-nio-8090-exec-1] com.cpa.uhpocms.controller.InstituteAdminController.getAllInstituteAdmin(InstituteAdminController.java:133) - in GetAllIntituteAdminProfile...
2022-Nov-30 11:15:04 DEBUG [http-nio-8090-exec-1] com.cpa.uhpocms.serviceimpl.InstituteAdminServiceImpl.getAllInstitute(InstituteAdminServiceImpl.java:73) - in GetAllInstituteAdmin method...
2022-Nov-30 11:15:04 INFO [http-nio-8090-exec-1] com.cpa.uhpocms.serviceimpl.InstituteAdminServiceImpl.getAllInstitute(InstituteAdminServiceImpl.java:76) - Fetching All List Data [InstituteAdmin [adminId=28, userRole=admin, firstName=dinesh, lastName=karthik, adminEmail=dk009, dob=12/04/2022, mobilePhone=123, adminGender=Male, adminDepartment=1, adminAddress1=kharadi, adminAddress2=Rakshak Nagar, adminCity=Pune, adminState=MH, adminZip=123, profilePics=ad, createdBy=admin, createdOn=2022-11-30 11:12:39.746, modifiedBy=admin, modifiedOn=2022-11-30 11:12:39.746, activeUser=true, institutionId=1, userId=4], InstituteAdmin [adminId=29, userRole=admin, firstName=manish, lastName=pandey, adminEmail=dk009, dob=12/04/2022, mobilePhone=123, adminGender=Male, adminDepartment=1, adminAddress1=kharadi, adminAddress2=Rakshak Nagar, adminCity=Pune, adminState=MH, adminZip=123, profilePics=ad, createdBy=admin, createdOn=2022-11-30 11:13:22.454, modifiedBy=admin, modifiedOn=2022-11-30 11:13:22.454, activeUser=true, institutionId=1, userId=1], InstituteAdmin [adminId=30, userRole=admin, firstName=shreyas, lastName=ayyer, adminEmail=shreyasayyer, dob=12/04/2022, mobilePhone=123, adminGender=Male, adminDepartment=1, adminAddress1=kharadi, adminAddress2=Rakshak Nagar, adminCity=Pune, adminState=MH, adminZip=123, profilePics=ad, createdBy=admin, createdOn=2022-11-30 11:14:08.217, modifiedBy=admin, modifiedOn=2022-11-30 11:14:34.975, activeUser=true, institutionId=1, userId=2]]
2022-Nov-30 11:15:04 INFO [http-nio-8090-exec-1] com.cpa.uhpocms.controller.InstituteAdminController.getAllInstituteAdmin(InstituteAdminController.java:139) - GetAllIntituteAdminProfile Values[InstituteAdmin [adminId=28, userRole=admin, firstName=dinesh, lastName=karthik, adminEmail=dk009, dob=12/04/2022, mobilePhone=123, adminGender=Male, adminDepartment=1, adminAddress1=kharadi, adminAddress2=Rakshak Nagar, adminCity=Pune, adminState=MH, adminZip=123, profilePics=ad, createdBy=admin, createdOn=2022-11-30 11:12:39.746, modifiedBy=admin, modifiedOn=2022-11-30 11:12:39.746, activeUser=true, institutionId=1, userId=4], InstituteAdmin [adminId=29, userRole=admin, firstName=manish, lastName=pandey, adminEmail=dk009, dob=12/04/2022, mobilePhone=123, adminGender=Male, adminDepartment=1, adminAddress1=kharadi, adminAddress2=Rakshak Nagar, adminCity=Pune, adminState=MH, adminZip=123, profilePics=ad, createdBy=admin, createdOn=2022-11-30 11:13:22.454, modifiedBy=admin, modifiedOn=2022-11-30 11:13:22.454, activeUser=true, institutionId=1, userId=1], InstituteAdmin [adminId=30, userRole=admin, firstName=shreyas, lastName=ayyer, adminEmail=shreyasayyer, dob=12/04/2022, mobilePhone=123, adminGender=Male, adminDepartment=1, adminAddress1=kharadi, adminAddress2=Rakshak Nagar, adminCity=Pune, adminState=MH, adminZip=123, profilePics=ad, createdBy=admin, createdOn=2022-11-30 11:14:08.217, modifiedBy=admin, modifiedOn=2022-11-30 11:14:34.975, activeUser=true, institutionId=1, userId=2]]
2022-Nov-30 11:15:16 INFO [http-nio-8090-exec-2] com.cpa.uhpocms.controller.InstituteAdminController.deleteDepartmentByName(InstituteAdminController.java:161) - inside the delete method...
2022-Nov-30 11:15:16 DEBUG [http-nio-8090-exec-2] com.cpa.uhpocms.serviceimpl.InstituteAdminServiceImpl.deleteDepartmentByName(InstituteAdminServiceImpl.java:124) - in deleteByInstituteAdmin Name
2022-Nov-30 11:15:16 INFO [http-nio-8090-exec-2] com.cpa.uhpocms.controller.InstituteAdminController.deleteDepartmentByName(InstituteAdminController.java:165) - DeleteIntituteAdminProfile Values1
2022-Nov-30 11:15:22 INFO [http-nio-8090-exec-3] com.cpa.uhpocms.controller.InstituteAdminController.getAllInstituteAdmin(InstituteAdminController.java:133) - in GetAllIntituteAdminProfile...
2022-Nov-30 11:15:22 DEBUG [http-nio-8090-exec-3] com.cpa.uhpocms.serviceimpl.InstituteAdminServiceImpl.getAllInstitute(InstituteAdminServiceImpl.java:73) - in GetAllInstituteAdmin method...
2022-Nov-30 11:15:22 INFO [http-nio-8090-exec-3] com.cpa.uhpocms.serviceimpl.InstituteAdminServiceImpl.getAllInstitute(InstituteAdminServiceImpl.java:76) - Fetching All List Data [InstituteAdmin [adminId=28, userRole=admin, firstName=dinesh, lastName=karthik, adminEmail=dk009, dob=12/04/2022, mobilePhone=123, adminGender=Male, adminDepartment=1, adminAddress1=kharadi, adminAddress2=Rakshak Nagar, adminCity=Pune, adminState=MH, adminZip=123, profilePics=ad, createdBy=admin, createdOn=2022-11-30 11:12:39.746, modifiedBy=admin, modifiedOn=2022-11-30 11:12:39.746, activeUser=true, institutionId=1, userId=4], InstituteAdmin [adminId=29, userRole=admin, firstName=manish, lastName=pandey, adminEmail=dk009, dob=12/04/2022, mobilePhone=123, adminGender=Male, adminDepartment=1, adminAddress1=kharadi, adminAddress2=Rakshak Nagar, adminCity=Pune, adminState=MH, adminZip=123, profilePics=ad, createdBy=admin, createdOn=2022-11-30 11:13:22.454, modifiedBy=admin, modifiedOn=2022-11-30 11:13:22.454, activeUser=true, institutionId=1, userId=1]]
2022-Nov-30 11:15:22 INFO [http-nio-8090-exec-3] com.cpa.uhpocms.controller.InstituteAdminController.getAllInstituteAdmin(InstituteAdminController.java:139) - GetAllIntituteAdminProfile Values[InstituteAdmin [adminId=28, userRole=admin, firstName=dinesh, lastName=karthik, adminEmail=dk009, dob=12/04/2022, mobilePhone=123, adminGender=Male, adminDepartment=1, adminAddress1=kharadi, adminAddress2=Rakshak Nagar, adminCity=Pune, adminState=MH, adminZip=123, profilePics=ad, createdBy=admin, createdOn=2022-11-30 11:12:39.746, modifiedBy=admin, modifiedOn=2022-11-30 11:12:39.746, activeUser=true, institutionId=1, userId=4], InstituteAdmin [adminId=29, userRole=admin, firstName=manish, lastName=pandey, adminEmail=dk009, dob=12/04/2022, mobilePhone=123, adminGender=Male, adminDepartment=1, adminAddress1=kharadi, adminAddress2=Rakshak Nagar, adminCity=Pune, adminState=MH, adminZip=123, profilePics=ad, createdBy=admin, createdOn=2022-11-30 11:13:22.454, modifiedBy=admin, modifiedOn=2022-11-30 11:13:22.454, activeUser=true, institutionId=1, userId=1]]
2022-Nov-30 11:17:37 INFO [restartedMain] com.cpa.uhpocms.InstituteAdminApplication.main(InstituteAdminApplication.java:13) - in Main class
2022-Nov-30 11:18:35 INFO [restartedMain] com.cpa.uhpocms.InstituteAdminApplication.main(InstituteAdminApplication.java:13) - in Main class
2022-Nov-30 11:18:56 INFO [http-nio-8090-exec-1] com.cpa.uhpocms.controller.InstituteAdminController.saveInstituteAdmin(InstituteAdminController.java:53) - In Post Method...
2022-Nov-30 11:18:56 DEBUG [http-nio-8090-exec-1] com.cpa.uhpocms.serviceimpl.InstituteAdminServiceImpl.findByUserId(InstituteAdminServiceImpl.java:137) - in unique key constraint...
2022-Nov-30 11:18:56 DEBUG [http-nio-8090-exec-1] com.cpa.uhpocms.serviceimpl.InstituteAdminServiceImpl.saveInstituteAdmin(InstituteAdminServiceImpl.java:39) - In SaveInstituteAdmin Method...
2022-Nov-30 11:18:56 INFO [http-nio-8090-exec-1] com.cpa.uhpocms.serviceimpl.InstituteAdminServiceImpl.saveInstituteAdmin(InstituteAdminServiceImpl.java:46) - The Values saveInstituteInstituteAdmin [adminId=31, userRole=admin, firstName=shreyas, lastName=ayyer, adminEmail=dk009, dob=12/04/2022, mobilePhone=123, adminGender=Male, adminDepartment=1, adminAddress1=kharadi, adminAddress2=Rakshak Nagar, adminCity=Pune, adminState=MH, adminZip=123, profilePics=ad, createdBy=admin, createdOn=Wed Nov 30 11:18:56 IST 2022, modifiedBy=admin, modifiedOn=Wed Nov 30 11:18:56 IST 2022, activeUser=true, institutionId=1, userId=1]
2022-Nov-30 11:18:56 INFO [http-nio-8090-exec-1] com.cpa.uhpocms.controller.InstituteAdminController.saveInstituteAdmin(InstituteAdminController.java:60) - Post ValuesInstituteAdmin [adminId=31, userRole=admin, firstName=shreyas, lastName=ayyer, adminEmail=dk009, dob=12/04/2022, mobilePhone=123, adminGender=Male, adminDepartment=1, adminAddress1=kharadi, adminAddress2=Rakshak Nagar, adminCity=Pune, adminState=MH, adminZip=123, profilePics=ad, createdBy=admin, createdOn=Wed Nov 30 11:18:56 IST 2022, modifiedBy=admin, modifiedOn=Wed Nov 30 11:18:56 IST 2022, activeUser=true, institutionId=1, userId=1]
2022-Nov-30 11:19:20 INFO [http-nio-8090-exec-3] com.cpa.uhpocms.controller.InstituteAdminController.updateInstituteAdmin(InstituteAdminController.java:107) - inside the put method..
2022-Nov-30 11:19:20 DEBUG [http-nio-8090-exec-3] com.cpa.uhpocms.serviceimpl.InstituteAdminServiceImpl.getInstitutebyName(InstituteAdminServiceImpl.java:60) - in GetInstituteByName method...
2022-Nov-30 11:19:20 INFO [http-nio-8090-exec-3] com.cpa.uhpocms.controller.InstituteAdminController.updateInstituteAdmin(InstituteAdminController.java:111) - updateInstituteAdmin ValuesInstituteAdmin [adminId=31, userRole=admin, firstName=shreyas, lastName=ayyer, adminEmail=dk009, dob=12/04/2022, mobilePhone=123, adminGender=Male, adminDepartment=1, adminAddress1=kharadi, adminAddress2=Rakshak Nagar, adminCity=Pune, adminState=MH, adminZip=123, profilePics=ad, createdBy=admin, createdOn=2022-11-30 11:18:56.478, modifiedBy=admin, modifiedOn=2022-11-30 11:18:56.479, activeUser=true, institutionId=1, userId=1]
2022-Nov-30 11:19:20 DEBUG [http-nio-8090-exec-3] com.cpa.uhpocms.serviceimpl.InstituteAdminServiceImpl.updateInstituteAdmin(InstituteAdminServiceImpl.java:89) - InSaveInstituteAdmin...
2022-Nov-30 11:19:20 INFO [http-nio-8090-exec-3] com.cpa.uhpocms.serviceimpl.InstituteAdminServiceImpl.updateInstituteAdmin(InstituteAdminServiceImpl.java:91) - The Update Method is...InstituteAdmin [adminId=31, userRole=admin, firstName=shreyas, lastName=ayyer, adminEmail=dk009, dob=12/04/2022, mobilePhone=123, adminGender=Male, adminDepartment=1, adminAddress1=kharadi, adminAddress2=Rakshak Nagar, adminCity=Pune, adminState=MH, adminZip=123, profilePics=ad, createdBy=admin, createdOn=2022-11-30 11:18:56.478, modifiedBy=admin, modifiedOn=2022-11-30 11:18:56.479, activeUser=true, institutionId=1, userId=1]
2022-Nov-30 11:19:26 INFO [http-nio-8090-exec-4] com.cpa.uhpocms.controller.InstituteAdminController.getIntituteByName(InstituteAdminController.java:80) - in getByName
2022-Nov-30 11:19:26 DEBUG [http-nio-8090-exec-4] com.cpa.uhpocms.serviceimpl.InstituteAdminServiceImpl.getInstitutebyName(InstituteAdminServiceImpl.java:60) - in GetInstituteByName method...
2022-Nov-30 11:19:26 INFO [http-nio-8090-exec-4] com.cpa.uhpocms.controller.InstituteAdminController.getIntituteByName(InstituteAdminController.java:84) - GetInstituteByName ValuesInstituteAdmin [adminId=31, userRole=admin, firstName=shreyas, lastName=ayyer, adminEmail=shreyasayyer, dob=12/04/2022, mobilePhone=123, adminGender=Male, adminDepartment=1, adminAddress1=kharadi, adminAddress2=Rakshak Nagar, adminCity=Pune, adminState=MH, adminZip=123, profilePics=ad, createdBy=admin, createdOn=2022-11-30 11:18:56.478, modifiedBy=admin, modifiedOn=2022-11-30 11:19:20.043, activeUser=true, institutionId=1, userId=1]
2022-Nov-30 11:19:35 INFO [http-nio-8090-exec-5] com.cpa.uhpocms.controller.InstituteAdminController.getAllInstituteAdmin(InstituteAdminController.java:134) - in GetAllIntituteAdminProfile...
2022-Nov-30 11:19:35 DEBUG [http-nio-8090-exec-5] com.cpa.uhpocms.serviceimpl.InstituteAdminServiceImpl.getAllInstitute(InstituteAdminServiceImpl.java:73) - in GetAllInstituteAdmin method...
2022-Nov-30 11:19:35 INFO [http-nio-8090-exec-5] com.cpa.uhpocms.serviceimpl.InstituteAdminServiceImpl.getAllInstitute(InstituteAdminServiceImpl.java:76) - Fetching All List Data [InstituteAdmin [adminId=31, userRole=admin, firstName=shreyas, lastName=ayyer, adminEmail=shreyasayyer, dob=12/04/2022, mobilePhone=123, adminGender=Male, adminDepartment=1, adminAddress1=kharadi, adminAddress2=Rakshak Nagar, adminCity=Pune, adminState=MH, adminZip=123, profilePics=ad, createdBy=admin, createdOn=2022-11-30 11:18:56.478, modifiedBy=admin, modifiedOn=2022-11-30 11:19:20.043, activeUser=true, institutionId=1, userId=1]]
2022-Nov-30 11:19:35 INFO [http-nio-8090-exec-5] com.cpa.uhpocms.controller.InstituteAdminController.getAllInstituteAdmin(InstituteAdminController.java:140) - GetAllIntituteAdminProfile Values[InstituteAdmin [adminId=31, userRole=admin, firstName=shreyas, lastName=ayyer, adminEmail=shreyasayyer, dob=12/04/2022, mobilePhone=123, adminGender=Male, adminDepartment=1, adminAddress1=kharadi, adminAddress2=Rakshak Nagar, adminCity=Pune, adminState=MH, adminZip=123, profilePics=ad, createdBy=admin, createdOn=2022-11-30 11:18:56.478, modifiedBy=admin, modifiedOn=2022-11-30 11:19:20.043, activeUser=true, institutionId=1, userId=1]]
2022-Nov-30 11:19:50 INFO [http-nio-8090-exec-6] com.cpa.uhpocms.controller.InstituteAdminController.saveInstituteAdmin(InstituteAdminController.java:53) - In Post Method...
2022-Nov-30 11:19:50 DEBUG [http-nio-8090-exec-6] com.cpa.uhpocms.serviceimpl.InstituteAdminServiceImpl.findByUserId(InstituteAdminServiceImpl.java:137) - in unique key constraint...
2022-Nov-30 11:20:20 INFO [http-nio-8090-exec-8] com.cpa.uhpocms.controller.InstituteAdminController.saveInstituteAdmin(InstituteAdminController.java:53) - In Post Method...
2022-Nov-30 11:20:20 DEBUG [http-nio-8090-exec-8] com.cpa.uhpocms.serviceimpl.InstituteAdminServiceImpl.findByUserId(InstituteAdminServiceImpl.java:137) - in unique key constraint...
2022-Nov-30 11:20:20 DEBUG [http-nio-8090-exec-8] com.cpa.uhpocms.serviceimpl.InstituteAdminServiceImpl.saveInstituteAdmin(InstituteAdminServiceImpl.java:39) - In SaveInstituteAdmin Method...
2022-Nov-30 11:20:20 INFO [http-nio-8090-exec-8] com.cpa.uhpocms.serviceimpl.InstituteAdminServiceImpl.saveInstituteAdmin(InstituteAdminServiceImpl.java:46) - The Values saveInstituteInstituteAdmin [adminId=32, userRole=admin, firstName=manish, lastName=pandey, adminEmail=dk009, dob=12/04/2022, mobilePhone=123, adminGender=Male, adminDepartment=1, adminAddress1=kharadi, adminAddress2=Rakshak Nagar, adminCity=Pune, adminState=MH, adminZip=123, profilePics=ad, createdBy=admin, createdOn=Wed Nov 30 11:20:20 IST 2022, modifiedBy=admin, modifiedOn=Wed Nov 30 11:20:20 IST 2022, activeUser=true, institutionId=1, userId=2]
2022-Nov-30 11:20:20 INFO [http-nio-8090-exec-8] com.cpa.uhpocms.controller.InstituteAdminController.saveInstituteAdmin(InstituteAdminController.java:60) - Post ValuesInstituteAdmin [adminId=32, userRole=admin, firstName=manish, lastName=pandey, adminEmail=dk009, dob=12/04/2022, mobilePhone=123, adminGender=Male, adminDepartment=1, adminAddress1=kharadi, adminAddress2=Rakshak Nagar, adminCity=Pune, adminState=MH, adminZip=123, profilePics=ad, createdBy=admin, createdOn=Wed Nov 30 11:20:20 IST 2022, modifiedBy=admin, modifiedOn=Wed Nov 30 11:20:20 IST 2022, activeUser=true, institutionId=1, userId=2]
2022-Nov-30 11:20:41 INFO [http-nio-8090-exec-9] com.cpa.uhpocms.controller.InstituteAdminController.saveInstituteAdmin(InstituteAdminController.java:53) - In Post Method...
2022-Nov-30 11:20:41 DEBUG [http-nio-8090-exec-9] com.cpa.uhpocms.serviceimpl.InstituteAdminServiceImpl.findByUserId(InstituteAdminServiceImpl.java:137) - in unique key constraint...
2022-Nov-30 11:21:13 INFO [http-nio-8090-exec-2] com.cpa.uhpocms.controller.InstituteAdminController.saveInstituteAdmin(InstituteAdminController.java:53) - In Post Method...
2022-Nov-30 11:21:13 DEBUG [http-nio-8090-exec-2] com.cpa.uhpocms.serviceimpl.InstituteAdminServiceImpl.findByUserId(InstituteAdminServiceImpl.java:137) - in unique key constraint...
2022-Nov-30 11:21:13 DEBUG [http-nio-8090-exec-2] com.cpa.uhpocms.serviceimpl.InstituteAdminServiceImpl.saveInstituteAdmin(InstituteAdminServiceImpl.java:39) - In SaveInstituteAdmin Method...
2022-Nov-30 11:21:13 INFO [http-nio-8090-exec-2] com.cpa.uhpocms.serviceimpl.InstituteAdminServiceImpl.saveInstituteAdmin(InstituteAdminServiceImpl.java:46) - The Values saveInstituteInstituteAdmin [adminId=33, userRole=admin, firstName=suresh, lastName=raina, adminEmail=dk009, dob=12/04/2022, mobilePhone=123, adminGender=Male, adminDepartment=1, adminAddress1=kharadi, adminAddress2=Rakshak Nagar, adminCity=Pune, adminState=MH, adminZip=123, profilePics=ad, createdBy=admin, createdOn=Wed Nov 30 11:21:13 IST 2022, modifiedBy=admin, modifiedOn=Wed Nov 30 11:21:13 IST 2022, activeUser=true, institutionId=1, userId=3]
2022-Nov-30 11:21:13 INFO [http-nio-8090-exec-2] com.cpa.uhpocms.controller.InstituteAdminController.saveInstituteAdmin(InstituteAdminController.java:60) - Post ValuesInstituteAdmin [adminId=33, userRole=admin, firstName=suresh, lastName=raina, adminEmail=dk009, dob=12/04/2022, mobilePhone=123, adminGender=Male, adminDepartment=1, adminAddress1=kharadi, adminAddress2=Rakshak Nagar, adminCity=Pune, adminState=MH, adminZip=123, profilePics=ad, createdBy=admin, createdOn=Wed Nov 30 11:21:13 IST 2022, modifiedBy=admin, modifiedOn=Wed Nov 30 11:21:13 IST 2022, activeUser=true, institutionId=1, userId=3]
2022-Nov-30 11:21:24 INFO [http-nio-8090-exec-1] com.cpa.uhpocms.controller.InstituteAdminController.getAllInstituteAdmin(InstituteAdminController.java:134) - in GetAllIntituteAdminProfile...
2022-Nov-30 11:21:24 DEBUG [http-nio-8090-exec-1] com.cpa.uhpocms.serviceimpl.InstituteAdminServiceImpl.getAllInstitute(InstituteAdminServiceImpl.java:73) - in GetAllInstituteAdmin method...
2022-Nov-30 11:21:24 INFO [http-nio-8090-exec-1] com.cpa.uhpocms.serviceimpl.InstituteAdminServiceImpl.getAllInstitute(InstituteAdminServiceImpl.java:76) - Fetching All List Data [InstituteAdmin [adminId=31, userRole=admin, firstName=shreyas, lastName=ayyer, adminEmail=shreyasayyer, dob=12/04/2022, mobilePhone=123, adminGender=Male, adminDepartment=1, adminAddress1=kharadi, adminAddress2=Rakshak Nagar, adminCity=Pune, adminState=MH, adminZip=123, profilePics=ad, createdBy=admin, createdOn=2022-11-30 11:18:56.478, modifiedBy=admin, modifiedOn=2022-11-30 11:19:20.043, activeUser=true, institutionId=1, userId=1], InstituteAdmin [adminId=32, userRole=admin, firstName=manish, lastName=pandey, adminEmail=dk009, dob=12/04/2022, mobilePhone=123, adminGender=Male, adminDepartment=1, adminAddress1=kharadi, adminAddress2=Rakshak Nagar, adminCity=Pune, adminState=MH, adminZip=123, profilePics=ad, createdBy=admin, createdOn=2022-11-30 11:20:20.804, modifiedBy=admin, modifiedOn=2022-11-30 11:20:20.804, activeUser=true, institutionId=1, userId=2], InstituteAdmin [adminId=33, userRole=admin, firstName=suresh, lastName=raina, adminEmail=dk009, dob=12/04/2022, mobilePhone=123, adminGender=Male, adminDepartment=1, adminAddress1=kharadi, adminAddress2=Rakshak Nagar, adminCity=Pune, adminState=MH, adminZip=123, profilePics=ad, createdBy=admin, createdOn=2022-11-30 11:21:13.88, modifiedBy=admin, modifiedOn=2022-11-30 11:21:13.88, activeUser=true, institutionId=1, userId=3]]
2022-Nov-30 11:21:24 INFO [http-nio-8090-exec-1] com.cpa.uhpocms.controller.InstituteAdminController.getAllInstituteAdmin(InstituteAdminController.java:140) - GetAllIntituteAdminProfile Values[InstituteAdmin [adminId=31, userRole=admin, firstName=shreyas, lastName=ayyer, adminEmail=shreyasayyer, dob=12/04/2022, mobilePhone=123, adminGender=Male, adminDepartment=1, adminAddress1=kharadi, adminAddress2=Rakshak Nagar, adminCity=Pune, adminState=MH, adminZip=123, profilePics=ad, createdBy=admin, createdOn=2022-11-30 11:18:56.478, modifiedBy=admin, modifiedOn=2022-11-30 11:19:20.043, activeUser=true, institutionId=1, userId=1], InstituteAdmin [adminId=32, userRole=admin, firstName=manish, lastName=pandey, adminEmail=dk009, dob=12/04/2022, mobilePhone=123, adminGender=Male, adminDepartment=1, adminAddress1=kharadi, adminAddress2=Rakshak Nagar, adminCity=Pune, adminState=MH, adminZip=123, profilePics=ad, createdBy=admin, createdOn=2022-11-30 11:20:20.804, modifiedBy=admin, modifiedOn=2022-11-30 11:20:20.804, activeUser=true, institutionId=1, userId=2], InstituteAdmin [adminId=33, userRole=admin, firstName=suresh, lastName=raina, adminEmail=dk009, dob=12/04/2022, mobilePhone=123, adminGender=Male, adminDepartment=1, adminAddress1=kharadi, adminAddress2=Rakshak Nagar, adminCity=Pune, adminState=MH, adminZip=123, profilePics=ad, createdBy=admin, createdOn=2022-11-30 11:21:13.88, modifiedBy=admin, modifiedOn=2022-11-30 11:21:13.88, activeUser=true, institutionId=1, userId=3]]
2022-Nov-30 11:21:44 INFO [http-nio-8090-exec-3] com.cpa.uhpocms.controller.InstituteAdminController.getIntituteByName(InstituteAdminController.java:80) - in getByName
2022-Nov-30 11:21:44 DEBUG [http-nio-8090-exec-3] com.cpa.uhpocms.serviceimpl.InstituteAdminServiceImpl.getInstitutebyName(InstituteAdminServiceImpl.java:60) - in GetInstituteByName method...
2022-Nov-30 11:21:44 INFO [http-nio-8090-exec-3] com.cpa.uhpocms.controller.InstituteAdminController.getIntituteByName(InstituteAdminController.java:84) - GetInstituteByName ValuesInstituteAdmin [adminId=32, userRole=admin, firstName=manish, lastName=pandey, adminEmail=dk009, dob=12/04/2022, mobilePhone=123, adminGender=Male, adminDepartment=1, adminAddress1=kharadi, adminAddress2=Rakshak Nagar, adminCity=Pune, adminState=MH, adminZip=123, profilePics=ad, createdBy=admin, createdOn=2022-11-30 11:20:20.804, modifiedBy=admin, modifiedOn=2022-11-30 11:20:20.804, activeUser=true, institutionId=1, userId=2]
2022-Nov-30 11:21:54 INFO [http-nio-8090-exec-4] com.cpa.uhpocms.controller.InstituteAdminController.getIntituteByName(InstituteAdminController.java:80) - in getByName
2022-Nov-30 11:21:54 DEBUG [http-nio-8090-exec-4] com.cpa.uhpocms.serviceimpl.InstituteAdminServiceImpl.getInstitutebyName(InstituteAdminServiceImpl.java:60) - in GetInstituteByName method...
2022-Nov-30 11:21:54 INFO [http-nio-8090-exec-4] com.cpa.uhpocms.controller.InstituteAdminController.getIntituteByName(InstituteAdminController.java:84) - GetInstituteByName ValuesInstituteAdmin [adminId=33, userRole=admin, firstName=suresh, lastName=raina, adminEmail=dk009, dob=12/04/2022, mobilePhone=123, adminGender=Male, adminDepartment=1, adminAddress1=kharadi, adminAddress2=Rakshak Nagar, adminCity=Pune, adminState=MH, adminZip=123, profilePics=ad, createdBy=admin, createdOn=2022-11-30 11:21:13.88, modifiedBy=admin, modifiedOn=2022-11-30 11:21:13.88, activeUser=true, institutionId=1, userId=3]
2022-Nov-30 11:22:07 INFO [http-nio-8090-exec-5] com.cpa.uhpocms.controller.InstituteAdminController.deleteDepartmentByName(InstituteAdminController.java:162) - inside the delete method...
2022-Nov-30 11:22:07 DEBUG [http-nio-8090-exec-5] com.cpa.uhpocms.serviceimpl.InstituteAdminServiceImpl.deleteDepartmentByName(InstituteAdminServiceImpl.java:124) - in deleteByInstituteAdmin Name
2022-Nov-30 11:22:07 INFO [http-nio-8090-exec-5] com.cpa.uhpocms.controller.InstituteAdminController.deleteDepartmentByName(InstituteAdminController.java:166) - DeleteIntituteAdminProfile Values1
2022-Nov-30 11:22:12 INFO [http-nio-8090-exec-6] com.cpa.uhpocms.controller.InstituteAdminController.getAllInstituteAdmin(InstituteAdminController.java:134) - in GetAllIntituteAdminProfile...
2022-Nov-30 11:22:12 DEBUG [http-nio-8090-exec-6] com.cpa.uhpocms.serviceimpl.InstituteAdminServiceImpl.getAllInstitute(InstituteAdminServiceImpl.java:73) - in GetAllInstituteAdmin method...
2022-Nov-30 11:22:12 INFO [http-nio-8090-exec-6] com.cpa.uhpocms.serviceimpl.InstituteAdminServiceImpl.getAllInstitute(InstituteAdminServiceImpl.java:76) - Fetching All List Data [InstituteAdmin [adminId=31, userRole=admin, firstName=shreyas, lastName=ayyer, adminEmail=shreyasayyer, dob=12/04/2022, mobilePhone=123, adminGender=Male, adminDepartment=1, adminAddress1=kharadi, adminAddress2=Rakshak Nagar, adminCity=Pune, adminState=MH, adminZip=123, profilePics=ad, createdBy=admin, createdOn=2022-11-30 11:18:56.478, modifiedBy=admin, modifiedOn=2022-11-30 11:19:20.043, activeUser=true, institutionId=1, userId=1], InstituteAdmin [adminId=33, userRole=admin, firstName=suresh, lastName=raina, adminEmail=dk009, dob=12/04/2022, mobilePhone=123, adminGender=Male, adminDepartment=1, adminAddress1=kharadi, adminAddress2=Rakshak Nagar, adminCity=Pune, adminState=MH, adminZip=123, profilePics=ad, createdBy=admin, createdOn=2022-11-30 11:21:13.88, modifiedBy=admin, modifiedOn=2022-11-30 11:21:13.88, activeUser=true, institutionId=1, userId=3]]
2022-Nov-30 11:22:12 INFO [http-nio-8090-exec-6] com.cpa.uhpocms.controller.InstituteAdminController.getAllInstituteAdmin(InstituteAdminController.java:140) - GetAllIntituteAdminProfile Values[InstituteAdmin [adminId=31, userRole=admin, firstName=shreyas, lastName=ayyer, adminEmail=shreyasayyer, dob=12/04/2022, mobilePhone=123, adminGender=Male, adminDepartment=1, adminAddress1=kharadi, adminAddress2=Rakshak Nagar, adminCity=Pune, adminState=MH, adminZip=123, profilePics=ad, createdBy=admin, createdOn=2022-11-30 11:18:56.478, modifiedBy=admin, modifiedOn=2022-11-30 11:19:20.043, activeUser=true, institutionId=1, userId=1], InstituteAdmin [adminId=33, userRole=admin, firstName=suresh, lastName=raina, adminEmail=dk009, dob=12/04/2022, mobilePhone=123, adminGender=Male, adminDepartment=1, adminAddress1=kharadi, adminAddress2=Rakshak Nagar, adminCity=Pune, adminState=MH, adminZip=123, profilePics=ad, createdBy=admin, createdOn=2022-11-30 11:21:13.88, modifiedBy=admin, modifiedOn=2022-11-30 11:21:13.88, activeUser=true, institutionId=1, userId=3]]
2022-Nov-30 11:24:15 INFO [http-nio-8090-exec-9] com.cpa.uhpocms.controller.InstituteAdminController.saveInstituteAdmin(InstituteAdminController.java:53) - In Post Method...
2022-Nov-30 11:24:15 DEBUG [http-nio-8090-exec-9] com.cpa.uhpocms.serviceimpl.InstituteAdminServiceImpl.findByUserId(InstituteAdminServiceImpl.java:137) - in unique key constraint...
2022-Nov-30 11:25:23 DEBUG [main      ] com.cpa.uhpocms.serviceimpl.InstituteAdminServiceImpl.getInstitutebyName(InstituteAdminServiceImpl.java:60) - in GetInstituteByName method...
2022-Nov-30 11:25:23 DEBUG [main      ] com.cpa.uhpocms.serviceimpl.InstituteAdminServiceImpl.getAllInstitute(InstituteAdminServiceImpl.java:73) - in GetAllInstituteAdmin method...
2022-Nov-30 11:25:23 INFO [main      ] com.cpa.uhpocms.serviceimpl.InstituteAdminServiceImpl.getAllInstitute(InstituteAdminServiceImpl.java:76) - Fetching All List Data [InstituteAdmin [adminId=1, userRole=admin, firstName=ravi, lastName=g, adminEmail=ravi, dob=12-10-2022, mobilePhone=1223, adminGender=Male, adminDepartment=1, adminAddress1=khradi, adminAddress2=kharadi, adminCity=pune, adminState=mh, adminZip=123, profilePics=ad, createdBy=admin, createdOn=Tue Nov 22 00:53:00 IST 2022, modifiedBy=admin, modifiedOn=Tue Nov 22 00:53:00 IST 2022, activeUser=false, institutionId=1, userId=1]]
2022-Nov-30 11:25:23 DEBUG [main      ] com.cpa.uhpocms.serviceimpl.InstituteAdminServiceImpl.saveInstituteAdmin(InstituteAdminServiceImpl.java:39) - In SaveInstituteAdmin Method...
2022-Nov-30 11:25:23 INFO [main      ] com.cpa.uhpocms.serviceimpl.InstituteAdminServiceImpl.saveInstituteAdmin(InstituteAdminServiceImpl.java:46) - The Values saveInstituteInstituteAdmin [adminId=1, userRole=admin, firstName=ravi, lastName=g, adminEmail=ravi, dob=12-10-2022, mobilePhone=1223, adminGender=Male, adminDepartment=1, adminAddress1=khradi, adminAddress2=kharadi, adminCity=pune, adminState=mh, adminZip=123, profilePics=ad, createdBy=admin, createdOn=Tue Nov 22 00:53:00 IST 2022, modifiedBy=admin, modifiedOn=Tue Nov 22 00:53:00 IST 2022, activeUser=false, institutionId=1, userId=1]
2022-Nov-30 11:25:23 DEBUG [main      ] com.cpa.uhpocms.serviceimpl.InstituteAdminServiceImpl.deleteDepartmentByName(InstituteAdminServiceImpl.java:124) - in deleteByInstituteAdmin Name
2022-Nov-30 11:25:23 DEBUG [main      ] com.cpa.uhpocms.serviceimpl.InstituteAdminServiceImpl.updateInstituteAdmin(InstituteAdminServiceImpl.java:89) - InSaveInstituteAdmin...
2022-Nov-30 11:25:23 INFO [main      ] com.cpa.uhpocms.serviceimpl.InstituteAdminServiceImpl.updateInstituteAdmin(InstituteAdminServiceImpl.java:91) - The Update Method is...InstituteAdmin [adminId=1, userRole=admin, firstName=ravi, lastName=jadhav, adminEmail=ravi, dob=12-10-2022, mobilePhone=1223, adminGender=Male, adminDepartment=1, adminAddress1=khradi, adminAddress2=kharadi, adminCity=pune, adminState=mh, adminZip=123, profilePics=ad, createdBy=admin, createdOn=Wed Nov 30 11:25:23 IST 2022, modifiedBy=admin, modifiedOn=Wed Nov 30 11:25:23 IST 2022, activeUser=false, institutionId=1, userId=1]
2022-Nov-30 11:25:56 INFO [restartedMain] com.cpa.uhpocms.InstituteAdminApplication.main(InstituteAdminApplication.java:13) - in Main class
2022-Nov-30 11:26:04 INFO [http-nio-8090-exec-2] com.cpa.uhpocms.controller.InstituteAdminController.saveInstituteAdmin(InstituteAdminController.java:53) - In Post Method...
2022-Nov-30 11:26:04 DEBUG [http-nio-8090-exec-2] com.cpa.uhpocms.serviceimpl.InstituteAdminServiceImpl.findByUserId(InstituteAdminServiceImpl.java:137) - in unique key constraint...
