2023-03-13 11:57:40,507 - Trying to use logger class org.apache.velocity.runtime.log.Log4JLogChute
2023-03-13 11:57:40,507 - Using logger class org.apache.velocity.runtime.log.Log4JLogChute
2023-03-13 11:57:40,514 - ResourceLoader instantiated: org.apache.velocity.runtime.resource.loader.ClasspathResourceLoader
2023-03-13 11:57:40,536 - ResourceCache: initialized (class org.apache.velocity.runtime.resource.ResourceCacheImpl) with class java.util.Collections$SynchronizedMap cache map.
2023-03-13 11:57:40,538 - Loaded System Directive: org.apache.velocity.runtime.directive.Stop
2023-03-13 11:57:40,538 - Loaded System Directive: org.apache.velocity.runtime.directive.Define
2023-03-13 11:57:40,540 - Loaded System Directive: org.apache.velocity.runtime.directive.Break
2023-03-13 11:57:40,541 - Loaded System Directive: org.apache.velocity.runtime.directive.Evaluate
2023-03-13 11:57:40,542 - Loaded System Directive: org.apache.velocity.runtime.directive.Literal
2023-03-13 11:57:40,544 - Loaded System Directive: org.apache.velocity.runtime.directive.Macro
2023-03-13 11:57:40,546 - Loaded System Directive: org.apache.velocity.runtime.directive.Parse
2023-03-13 11:57:40,547 - Loaded System Directive: org.apache.velocity.runtime.directive.Include
2023-03-13 11:57:40,548 - Loaded System Directive: org.apache.velocity.runtime.directive.Foreach
2023-03-13 11:57:40,594 - Created '20' parsers.
2023-03-13 11:57:40,619 - Velocimacro : "velocimacro.library" is not set.  Trying default library: VM_global_library.vm
2023-03-13 11:57:40,619 - Could not load resource 'VM_global_library.vm' from ResourceLoader org.apache.velocity.runtime.resource.loader.ClasspathResourceLoader: ClasspathResourceLoader Error: cannot find resource VM_global_library.vm
2023-03-13 11:57:40,619 - Velocimacro : Default library not found.
2023-03-13 11:57:40,620 - Velocimacro : allowInline = true : VMs can be defined inline in templates
2023-03-13 11:57:40,620 - Velocimacro : allowInlineToOverride = false : VMs defined inline may NOT replace previous VM definitions
2023-03-13 11:57:40,620 - Velocimacro : allowInlineLocal = false : VMs defined inline will be global in scope if allowed.
2023-03-13 11:57:40,620 - Velocimacro : autoload off : VM system will not automatically reload global library macros
2023-03-13 11:57:40,879 - ResourceManager : found pom.vm with loader org.apache.velocity.runtime.resource.loader.ClasspathResourceLoader
2023-03-13 11:57:40,903 - ResourceManager : found servletinit.vm with loader org.apache.velocity.runtime.resource.loader.ClasspathResourceLoader
2023-03-13 11:57:40,906 - ResourceManager : found uhpocapp.vm with loader org.apache.velocity.runtime.resource.loader.ClasspathResourceLoader
2023-03-13 11:57:40,909 - ResourceManager : found appyaml.vm with loader org.apache.velocity.runtime.resource.loader.ClasspathResourceLoader
2023-03-13 11:57:40,914 - ResourceManager : found log4j.vm with loader org.apache.velocity.runtime.resource.loader.ClasspathResourceLoader
2023-03-13 11:57:40,937 - ResourceManager : found controller.vm with loader org.apache.velocity.runtime.resource.loader.ClasspathResourceLoader
2023-03-13 11:57:40,945 - ResourceManager : found errmsg.vm with loader org.apache.velocity.runtime.resource.loader.ClasspathResourceLoader
2023-03-13 11:57:40,948 - ResourceManager : found entity.vm with loader org.apache.velocity.runtime.resource.loader.ClasspathResourceLoader
2023-03-13 11:57:40,955 - ResourceManager : found repo.vm with loader org.apache.velocity.runtime.resource.loader.ClasspathResourceLoader
2023-03-13 11:57:40,959 - ResourceManager : found service.vm with loader org.apache.velocity.runtime.resource.loader.ClasspathResourceLoader
2023-03-13 11:57:40,963 - ResourceManager : found exception.vm with loader org.apache.velocity.runtime.resource.loader.ClasspathResourceLoader
2023-03-13 11:57:40,967 - ResourceManager : found response.vm with loader org.apache.velocity.runtime.resource.loader.ClasspathResourceLoader
2023-03-13 11:57:40,968 - Null reference [template 'response.vm', line 3, column 15] : ${genDate} cannot be resolved.
2023-03-13 11:57:40,968 - Null reference [template 'response.vm', line 4, column 47] : ${Cservice} cannot be resolved.
2023-03-13 11:57:40,981 - ResourceManager : found impl.vm with loader org.apache.velocity.runtime.resource.loader.ClasspathResourceLoader
2023-03-13 11:57:40,989 - ResourceManager : found classdiag.vm with loader org.apache.velocity.runtime.resource.loader.ClasspathResourceLoader
2023-03-13 11:57:40,997 - ResourceManager : found postseq.vm with loader org.apache.velocity.runtime.resource.loader.ClasspathResourceLoader
2023-03-13 11:57:41,003 - ResourceManager : found getseq.vm with loader org.apache.velocity.runtime.resource.loader.ClasspathResourceLoader
2023-03-13 11:57:41,009 - ResourceManager : found getall.vm with loader org.apache.velocity.runtime.resource.loader.ClasspathResourceLoader
2023-03-13 11:57:41,013 - ResourceManager : found updateseq.vm with loader org.apache.velocity.runtime.resource.loader.ClasspathResourceLoader
2023-03-13 11:57:41,019 - ResourceManager : found deleteseq.vm with loader org.apache.velocity.runtime.resource.loader.ClasspathResourceLoader
2023-03-13 12:17:46,591 - Log4JLogChute initialized using file 'velocity.log'
2023-03-13 12:17:46,592 - Initializing Velocity, Calling init()...
2023-03-13 12:17:46,593 - Starting Apache Velocity v1.7 (compiled: 2010-11-19 12:14:37)
2023-03-13 12:17:46,593 - Default Properties File: org\apache\velocity\runtime\defaults\velocity.properties
2023-03-13 12:17:46,593 - Trying to use logger class org.apache.velocity.runtime.log.AvalonLogChute
2023-03-13 12:17:46,593 - Target log system for org.apache.velocity.runtime.log.AvalonLogChute is not available (java.lang.NoClassDefFoundError: org/apache/log/format/Formatter).  Falling back to next log system...
2023-03-13 12:17:46,593 - Trying to use logger class org.apache.velocity.runtime.log.Log4JLogChute
2023-03-13 12:17:46,593 - Using logger class org.apache.velocity.runtime.log.Log4JLogChute
2023-03-13 12:17:46,595 - ResourceLoader instantiated: org.apache.velocity.runtime.resource.loader.ClasspathResourceLoader
2023-03-13 12:17:46,621 - ResourceCache: initialized (class org.apache.velocity.runtime.resource.ResourceCacheImpl) with class java.util.Collections$SynchronizedMap cache map.
2023-03-13 12:17:46,624 - Loaded System Directive: org.apache.velocity.runtime.directive.Stop
2023-03-13 12:17:46,626 - Loaded System Directive: org.apache.velocity.runtime.directive.Define
2023-03-13 12:17:46,627 - Loaded System Directive: org.apache.velocity.runtime.directive.Break
2023-03-13 12:17:46,628 - Loaded System Directive: org.apache.velocity.runtime.directive.Evaluate
2023-03-13 12:17:46,628 - Loaded System Directive: org.apache.velocity.runtime.directive.Literal
2023-03-13 12:17:46,628 - Loaded System Directive: org.apache.velocity.runtime.directive.Macro
2023-03-13 12:17:46,633 - Loaded System Directive: org.apache.velocity.runtime.directive.Parse
2023-03-13 12:17:46,633 - Loaded System Directive: org.apache.velocity.runtime.directive.Include
2023-03-13 12:17:46,633 - Loaded System Directive: org.apache.velocity.runtime.directive.Foreach
2023-03-13 12:17:46,676 - Created '20' parsers.
2023-03-13 12:17:46,712 - Velocimacro : "velocimacro.library" is not set.  Trying default library: VM_global_library.vm
2023-03-13 12:17:46,713 - Could not load resource 'VM_global_library.vm' from ResourceLoader org.apache.velocity.runtime.resource.loader.ClasspathResourceLoader: ClasspathResourceLoader Error: cannot find resource VM_global_library.vm
2023-03-13 12:17:46,713 - Velocimacro : Default library not found.
2023-03-13 12:17:46,713 - Velocimacro : allowInline = true : VMs can be defined inline in templates
2023-03-13 12:17:46,713 - Velocimacro : allowInlineToOverride = false : VMs defined inline may NOT replace previous VM definitions
2023-03-13 12:17:46,713 - Velocimacro : allowInlineLocal = false : VMs defined inline will be global in scope if allowed.
2023-03-13 12:17:46,713 - Velocimacro : autoload off : VM system will not automatically reload global library macros
2023-03-13 12:17:46,742 - ResourceManager : found pom.vm with loader org.apache.velocity.runtime.resource.loader.ClasspathResourceLoader
2023-03-13 12:17:46,760 - ResourceManager : found servletinit.vm with loader org.apache.velocity.runtime.resource.loader.ClasspathResourceLoader
2023-03-13 12:17:46,763 - ResourceManager : found uhpocapp.vm with loader org.apache.velocity.runtime.resource.loader.ClasspathResourceLoader
2023-03-13 12:17:46,766 - ResourceManager : found appyaml.vm with loader org.apache.velocity.runtime.resource.loader.ClasspathResourceLoader
2023-03-13 12:17:46,769 - ResourceManager : found log4j.vm with loader org.apache.velocity.runtime.resource.loader.ClasspathResourceLoader
2023-03-13 12:17:46,793 - ResourceManager : found controller.vm with loader org.apache.velocity.runtime.resource.loader.ClasspathResourceLoader
2023-03-13 12:17:46,800 - ResourceManager : found errmsg.vm with loader org.apache.velocity.runtime.resource.loader.ClasspathResourceLoader
2023-03-13 12:17:46,805 - ResourceManager : found entity.vm with loader org.apache.velocity.runtime.resource.loader.ClasspathResourceLoader
2023-03-13 12:17:46,809 - ResourceManager : found repo.vm with loader org.apache.velocity.runtime.resource.loader.ClasspathResourceLoader
2023-03-13 12:17:46,814 - ResourceManager : found service.vm with loader org.apache.velocity.runtime.resource.loader.ClasspathResourceLoader
2023-03-13 12:17:46,816 - ResourceManager : found exception.vm with loader org.apache.velocity.runtime.resource.loader.ClasspathResourceLoader
2023-03-13 12:17:46,821 - ResourceManager : found response.vm with loader org.apache.velocity.runtime.resource.loader.ClasspathResourceLoader
2023-03-13 12:17:46,822 - Null reference [template 'response.vm', line 3, column 15] : ${genDate} cannot be resolved.
2023-03-13 12:17:46,822 - Null reference [template 'response.vm', line 4, column 47] : ${Cservice} cannot be resolved.
2023-03-13 12:17:46,830 - ResourceManager : found impl.vm with loader org.apache.velocity.runtime.resource.loader.ClasspathResourceLoader
2023-03-13 12:17:46,838 - ResourceManager : found classdiag.vm with loader org.apache.velocity.runtime.resource.loader.ClasspathResourceLoader
2023-03-13 12:17:46,848 - ResourceManager : found postseq.vm with loader org.apache.velocity.runtime.resource.loader.ClasspathResourceLoader
2023-03-13 12:17:46,851 - ResourceManager : found getseq.vm with loader org.apache.velocity.runtime.resource.loader.ClasspathResourceLoader
2023-03-13 12:17:46,857 - ResourceManager : found getall.vm with loader org.apache.velocity.runtime.resource.loader.ClasspathResourceLoader
2023-03-13 12:17:46,860 - ResourceManager : found updateseq.vm with loader org.apache.velocity.runtime.resource.loader.ClasspathResourceLoader
2023-03-13 12:17:46,865 - ResourceManager : found deleteseq.vm with loader org.apache.velocity.runtime.resource.loader.ClasspathResourceLoader
2023-03-13 12:21:55,012 - Log4JLogChute initialized using file 'velocity.log'
2023-03-13 12:21:55,012 - Initializing Velocity, Calling init()...
2023-03-13 12:21:55,012 - Starting Apache Velocity v1.7 (compiled: 2010-11-19 12:14:37)
2023-03-13 12:21:55,012 - Default Properties File: org\apache\velocity\runtime\defaults\velocity.properties
2023-03-13 12:21:55,012 - Trying to use logger class org.apache.velocity.runtime.log.AvalonLogChute
2023-03-13 12:21:55,012 - Target log system for org.apache.velocity.runtime.log.AvalonLogChute is not available (java.lang.NoClassDefFoundError: org/apache/log/format/Formatter).  Falling back to next log system...
2023-03-13 12:21:55,012 - Trying to use logger class org.apache.velocity.runtime.log.Log4JLogChute
2023-03-13 12:21:55,012 - Using logger class org.apache.velocity.runtime.log.Log4JLogChute
2023-03-13 12:21:55,022 - ResourceLoader instantiated: org.apache.velocity.runtime.resource.loader.ClasspathResourceLoader
2023-03-13 12:21:55,045 - ResourceCache: initialized (class org.apache.velocity.runtime.resource.ResourceCacheImpl) with class java.util.Collections$SynchronizedMap cache map.
2023-03-13 12:21:55,049 - Loaded System Directive: org.apache.velocity.runtime.directive.Stop
2023-03-13 12:21:55,050 - Loaded System Directive: org.apache.velocity.runtime.directive.Define
2023-03-13 12:21:55,050 - Loaded System Directive: org.apache.velocity.runtime.directive.Break
2023-03-13 12:21:55,050 - Loaded System Directive: org.apache.velocity.runtime.directive.Evaluate
2023-03-13 12:21:55,050 - Loaded System Directive: org.apache.velocity.runtime.directive.Literal
2023-03-13 12:21:55,056 - Loaded System Directive: org.apache.velocity.runtime.directive.Macro
2023-03-13 12:21:55,057 - Loaded System Directive: org.apache.velocity.runtime.directive.Parse
2023-03-13 12:21:55,061 - Loaded System Directive: org.apache.velocity.runtime.directive.Include
2023-03-13 12:21:55,061 - Loaded System Directive: org.apache.velocity.runtime.directive.Foreach
2023-03-13 12:21:55,116 - Created '20' parsers.
2023-03-13 12:21:55,126 - Velocimacro : "velocimacro.library" is not set.  Trying default library: VM_global_library.vm
2023-03-13 12:21:55,127 - Could not load resource 'VM_global_library.vm' from ResourceLoader org.apache.velocity.runtime.resource.loader.ClasspathResourceLoader: ClasspathResourceLoader Error: cannot find resource VM_global_library.vm
2023-03-13 12:21:55,127 - Velocimacro : Default library not found.
2023-03-13 12:21:55,127 - Velocimacro : allowInline = true : VMs can be defined inline in templates
2023-03-13 12:21:55,127 - Velocimacro : allowInlineToOverride = false : VMs defined inline may NOT replace previous VM definitions
2023-03-13 12:21:55,127 - Velocimacro : allowInlineLocal = false : VMs defined inline will be global in scope if allowed.
2023-03-13 12:21:55,127 - Velocimacro : autoload off : VM system will not automatically reload global library macros
2023-03-13 12:21:55,440 - ResourceManager : found pom.vm with loader org.apache.velocity.runtime.resource.loader.ClasspathResourceLoader
2023-03-13 12:21:55,445 - ResourceManager : found servletinit.vm with loader org.apache.velocity.runtime.resource.loader.ClasspathResourceLoader
2023-03-13 12:21:55,448 - ResourceManager : found uhpocapp.vm with loader org.apache.velocity.runtime.resource.loader.ClasspathResourceLoader
2023-03-13 12:21:55,450 - ResourceManager : found appyaml.vm with loader org.apache.velocity.runtime.resource.loader.ClasspathResourceLoader
2023-03-13 12:21:55,452 - ResourceManager : found log4j.vm with loader org.apache.velocity.runtime.resource.loader.ClasspathResourceLoader
2023-03-13 12:21:55,470 - ResourceManager : found controller.vm with loader org.apache.velocity.runtime.resource.loader.ClasspathResourceLoader
2023-03-13 12:21:55,474 - ResourceManager : found errmsg.vm with loader org.apache.velocity.runtime.resource.loader.ClasspathResourceLoader
2023-03-13 12:21:55,477 - ResourceManager : found entity.vm with loader org.apache.velocity.runtime.resource.loader.ClasspathResourceLoader
2023-03-13 12:21:55,480 - ResourceManager : found repo.vm with loader org.apache.velocity.runtime.resource.loader.ClasspathResourceLoader
2023-03-13 12:21:55,483 - ResourceManager : found service.vm with loader org.apache.velocity.runtime.resource.loader.ClasspathResourceLoader
2023-03-13 12:21:55,485 - ResourceManager : found exception.vm with loader org.apache.velocity.runtime.resource.loader.ClasspathResourceLoader
2023-03-13 12:21:55,547 - ResourceManager : found response.vm with loader org.apache.velocity.runtime.resource.loader.ClasspathResourceLoader
2023-03-13 12:21:55,548 - Null reference [template 'response.vm', line 3, column 15] : ${genDate} cannot be resolved.
2023-03-13 12:21:55,548 - Null reference [template 'response.vm', line 4, column 47] : ${Cservice} cannot be resolved.
2023-03-13 12:21:55,585 - ResourceManager : found impl.vm with loader org.apache.velocity.runtime.resource.loader.ClasspathResourceLoader
2023-03-13 12:21:55,601 - ResourceManager : found classdiag.vm with loader org.apache.velocity.runtime.resource.loader.ClasspathResourceLoader
2023-03-13 12:21:55,619 - ResourceManager : found postseq.vm with loader org.apache.velocity.runtime.resource.loader.ClasspathResourceLoader
2023-03-13 12:21:55,622 - ResourceManager : found getseq.vm with loader org.apache.velocity.runtime.resource.loader.ClasspathResourceLoader
2023-03-13 12:21:55,625 - ResourceManager : found getall.vm with loader org.apache.velocity.runtime.resource.loader.ClasspathResourceLoader
2023-03-13 12:21:55,628 - ResourceManager : found updateseq.vm with loader org.apache.velocity.runtime.resource.loader.ClasspathResourceLoader
2023-03-13 12:21:55,630 - ResourceManager : found deleteseq.vm with loader org.apache.velocity.runtime.resource.loader.ClasspathResourceLoader
2023-03-13 12:25:08,251 - Log4JLogChute initialized using file 'velocity.log'
2023-03-13 12:25:08,252 - Initializing Velocity, Calling init()...
2023-03-13 12:25:08,252 - Starting Apache Velocity v1.7 (compiled: 2010-11-19 12:14:37)
2023-03-13 12:25:08,252 - Default Properties File: org\apache\velocity\runtime\defaults\velocity.properties
2023-03-13 12:25:08,252 - Trying to use logger class org.apache.velocity.runtime.log.AvalonLogChute
2023-03-13 12:25:08,252 - Target log system for org.apache.velocity.runtime.log.AvalonLogChute is not available (java.lang.NoClassDefFoundError: org/apache/log/format/Formatter).  Falling back to next log system...
2023-03-13 12:25:08,252 - Trying to use logger class org.apache.velocity.runtime.log.Log4JLogChute
2023-03-13 12:25:08,252 - Using logger class org.apache.velocity.runtime.log.Log4JLogChute
2023-03-13 12:25:08,258 - ResourceLoader instantiated: org.apache.velocity.runtime.resource.loader.ClasspathResourceLoader
2023-03-13 12:25:08,278 - ResourceCache: initialized (class org.apache.velocity.runtime.resource.ResourceCacheImpl) with class java.util.Collections$SynchronizedMap cache map.
2023-03-13 12:25:08,282 - Loaded System Directive: org.apache.velocity.runtime.directive.Stop
2023-03-13 12:25:08,282 - Loaded System Directive: org.apache.velocity.runtime.directive.Define
2023-03-13 12:25:08,285 - Loaded System Directive: org.apache.velocity.runtime.directive.Break
2023-03-13 12:25:08,287 - Loaded System Directive: org.apache.velocity.runtime.directive.Evaluate
2023-03-13 12:25:08,288 - Loaded System Directive: org.apache.velocity.runtime.directive.Literal
2023-03-13 12:25:08,289 - Loaded System Directive: org.apache.velocity.runtime.directive.Macro
2023-03-13 12:25:08,291 - Loaded System Directive: org.apache.velocity.runtime.directive.Parse
2023-03-13 12:25:08,292 - Loaded System Directive: org.apache.velocity.runtime.directive.Include
2023-03-13 12:25:08,293 - Loaded System Directive: org.apache.velocity.runtime.directive.Foreach
2023-03-13 12:25:08,333 - Created '20' parsers.
2023-03-13 12:25:08,338 - Velocimacro : "velocimacro.library" is not set.  Trying default library: VM_global_library.vm
2023-03-13 12:25:08,339 - Could not load resource 'VM_global_library.vm' from ResourceLoader org.apache.velocity.runtime.resource.loader.ClasspathResourceLoader: ClasspathResourceLoader Error: cannot find resource VM_global_library.vm
2023-03-13 12:25:08,339 - Velocimacro : Default library not found.
2023-03-13 12:25:08,339 - Velocimacro : allowInline = true : VMs can be defined inline in templates
2023-03-13 12:25:08,339 - Velocimacro : allowInlineToOverride = false : VMs defined inline may NOT replace previous VM definitions
2023-03-13 12:25:08,339 - Velocimacro : allowInlineLocal = false : VMs defined inline will be global in scope if allowed.
2023-03-13 12:25:08,339 - Velocimacro : autoload off : VM system will not automatically reload global library macros
2023-03-13 12:25:08,765 - ResourceManager : found pom.vm with loader org.apache.velocity.runtime.resource.loader.ClasspathResourceLoader
2023-03-13 12:25:08,770 - ResourceManager : found servletinit.vm with loader org.apache.velocity.runtime.resource.loader.ClasspathResourceLoader
2023-03-13 12:25:08,774 - ResourceManager : found uhpocapp.vm with loader org.apache.velocity.runtime.resource.loader.ClasspathResourceLoader
2023-03-13 12:25:08,777 - ResourceManager : found appyaml.vm with loader org.apache.velocity.runtime.resource.loader.ClasspathResourceLoader
2023-03-13 12:25:08,780 - ResourceManager : found log4j.vm with loader org.apache.velocity.runtime.resource.loader.ClasspathResourceLoader
2023-03-13 12:25:08,791 - ResourceManager : found controller.vm with loader org.apache.velocity.runtime.resource.loader.ClasspathResourceLoader
2023-03-13 12:25:08,797 - ResourceManager : found errmsg.vm with loader org.apache.velocity.runtime.resource.loader.ClasspathResourceLoader
2023-03-13 12:25:08,801 - ResourceManager : found entity.vm with loader org.apache.velocity.runtime.resource.loader.ClasspathResourceLoader
2023-03-13 12:25:08,808 - ResourceManager : found repo.vm with loader org.apache.velocity.runtime.resource.loader.ClasspathResourceLoader
2023-03-13 12:25:08,811 - ResourceManager : found service.vm with loader org.apache.velocity.runtime.resource.loader.ClasspathResourceLoader
2023-03-13 12:25:08,814 - ResourceManager : found exception.vm with loader org.apache.velocity.runtime.resource.loader.ClasspathResourceLoader
2023-03-13 12:25:08,817 - ResourceManager : found response.vm with loader org.apache.velocity.runtime.resource.loader.ClasspathResourceLoader
2023-03-13 12:25:08,818 - Null reference [template 'response.vm', line 3, column 15] : ${genDate} cannot be resolved.
2023-03-13 12:25:08,818 - Null reference [template 'response.vm', line 4, column 47] : ${Cservice} cannot be resolved.
2023-03-13 12:25:08,825 - ResourceManager : found impl.vm with loader org.apache.velocity.runtime.resource.loader.ClasspathResourceLoader
2023-03-13 12:25:08,830 - ResourceManager : found classdiag.vm with loader org.apache.velocity.runtime.resource.loader.ClasspathResourceLoader
2023-03-13 12:25:08,835 - ResourceManager : found postseq.vm with loader org.apache.velocity.runtime.resource.loader.ClasspathResourceLoader
2023-03-13 12:25:08,840 - ResourceManager : found getseq.vm with loader org.apache.velocity.runtime.resource.loader.ClasspathResourceLoader
2023-03-13 12:25:08,843 - ResourceManager : found getall.vm with loader org.apache.velocity.runtime.resource.loader.ClasspathResourceLoader
2023-03-13 12:25:08,846 - ResourceManager : found updateseq.vm with loader org.apache.velocity.runtime.resource.loader.ClasspathResourceLoader
2023-03-13 12:25:08,849 - ResourceManager : found deleteseq.vm with loader org.apache.velocity.runtime.resource.loader.ClasspathResourceLoader
2023-03-13 12:28:54,107 - Log4JLogChute initialized using file 'velocity.log'
2023-03-13 12:28:54,112 - Initializing Velocity, Calling init()...
2023-03-13 12:28:54,112 - Starting Apache Velocity v1.7 (compiled: 2010-11-19 12:14:37)
2023-03-13 12:28:54,112 - Default Properties File: org\apache\velocity\runtime\defaults\velocity.properties
2023-03-13 12:28:54,112 - Trying to use logger class org.apache.velocity.runtime.log.AvalonLogChute
2023-03-13 12:28:54,112 - Target log system for org.apache.velocity.runtime.log.AvalonLogChute is not available (java.lang.NoClassDefFoundError: org/apache/log/format/Formatter).  Falling back to next log system...
2023-03-13 12:28:54,112 - Trying to use logger class org.apache.velocity.runtime.log.Log4JLogChute
2023-03-13 12:28:54,112 - Using logger class org.apache.velocity.runtime.log.Log4JLogChute
2023-03-13 12:28:54,113 - ResourceLoader instantiated: org.apache.velocity.runtime.resource.loader.ClasspathResourceLoader
2023-03-13 12:28:54,142 - ResourceCache: initialized (class org.apache.velocity.runtime.resource.ResourceCacheImpl) with class java.util.Collections$SynchronizedMap cache map.
2023-03-13 12:28:54,145 - Loaded System Directive: org.apache.velocity.runtime.directive.Stop
2023-03-13 12:28:54,148 - Loaded System Directive: org.apache.velocity.runtime.directive.Define
2023-03-13 12:28:54,149 - Loaded System Directive: org.apache.velocity.runtime.directive.Break
2023-03-13 12:28:54,150 - Loaded System Directive: org.apache.velocity.runtime.directive.Evaluate
2023-03-13 12:28:54,150 - Loaded System Directive: org.apache.velocity.runtime.directive.Literal
2023-03-13 12:28:54,150 - Loaded System Directive: org.apache.velocity.runtime.directive.Macro
2023-03-13 12:28:54,157 - Loaded System Directive: org.apache.velocity.runtime.directive.Parse
2023-03-13 12:28:54,163 - Loaded System Directive: org.apache.velocity.runtime.directive.Include
2023-03-13 12:28:54,163 - Loaded System Directive: org.apache.velocity.runtime.directive.Foreach
2023-03-13 12:28:54,208 - Created '20' parsers.
2023-03-13 12:28:54,213 - Velocimacro : "velocimacro.library" is not set.  Trying default library: VM_global_library.vm
2023-03-13 12:28:54,214 - Could not load resource 'VM_global_library.vm' from ResourceLoader org.apache.velocity.runtime.resource.loader.ClasspathResourceLoader: ClasspathResourceLoader Error: cannot find resource VM_global_library.vm
2023-03-13 12:28:54,214 - Velocimacro : Default library not found.
2023-03-13 12:28:54,214 - Velocimacro : allowInline = true : VMs can be defined inline in templates
2023-03-13 12:28:54,214 - Velocimacro : allowInlineToOverride = false : VMs defined inline may NOT replace previous VM definitions
2023-03-13 12:28:54,215 - Velocimacro : allowInlineLocal = false : VMs defined inline will be global in scope if allowed.
2023-03-13 12:28:54,215 - Velocimacro : autoload off : VM system will not automatically reload global library macros
2023-03-13 12:28:54,229 - ResourceManager : found pom.vm with loader org.apache.velocity.runtime.resource.loader.ClasspathResourceLoader
2023-03-13 12:28:54,237 - ResourceManager : found servletinit.vm with loader org.apache.velocity.runtime.resource.loader.ClasspathResourceLoader
2023-03-13 12:28:54,239 - ResourceManager : found uhpocapp.vm with loader org.apache.velocity.runtime.resource.loader.ClasspathResourceLoader
2023-03-13 12:28:54,240 - ResourceManager : found appyaml.vm with loader org.apache.velocity.runtime.resource.loader.ClasspathResourceLoader
2023-03-13 12:28:54,243 - ResourceManager : found log4j.vm with loader org.apache.velocity.runtime.resource.loader.ClasspathResourceLoader
2023-03-13 12:28:54,254 - ResourceManager : found controller.vm with loader org.apache.velocity.runtime.resource.loader.ClasspathResourceLoader
2023-03-13 12:28:54,260 - ResourceManager : found errmsg.vm with loader org.apache.velocity.runtime.resource.loader.ClasspathResourceLoader
2023-03-13 12:28:54,263 - ResourceManager : found entity.vm with loader org.apache.velocity.runtime.resource.loader.ClasspathResourceLoader
2023-03-13 12:28:54,265 - ResourceManager : found repo.vm with loader org.apache.velocity.runtime.resource.loader.ClasspathResourceLoader
2023-03-13 12:28:54,267 - ResourceManager : found service.vm with loader org.apache.velocity.runtime.resource.loader.ClasspathResourceLoader
2023-03-13 12:28:54,268 - ResourceManager : found exception.vm with loader org.apache.velocity.runtime.resource.loader.ClasspathResourceLoader
2023-03-13 12:28:54,272 - ResourceManager : found response.vm with loader org.apache.velocity.runtime.resource.loader.ClasspathResourceLoader
2023-03-13 12:28:54,273 - Null reference [template 'response.vm', line 3, column 15] : ${genDate} cannot be resolved.
2023-03-13 12:28:54,273 - Null reference [template 'response.vm', line 4, column 47] : ${Cservice} cannot be resolved.
2023-03-13 12:28:54,279 - ResourceManager : found impl.vm with loader org.apache.velocity.runtime.resource.loader.ClasspathResourceLoader
2023-03-13 12:28:54,285 - ResourceManager : found classdiag.vm with loader org.apache.velocity.runtime.resource.loader.ClasspathResourceLoader
2023-03-13 12:28:54,294 - ResourceManager : found postseq.vm with loader org.apache.velocity.runtime.resource.loader.ClasspathResourceLoader
2023-03-13 12:28:54,297 - ResourceManager : found getseq.vm with loader org.apache.velocity.runtime.resource.loader.ClasspathResourceLoader
2023-03-13 12:28:54,301 - ResourceManager : found getall.vm with loader org.apache.velocity.runtime.resource.loader.ClasspathResourceLoader
2023-03-13 12:28:54,303 - ResourceManager : found updateseq.vm with loader org.apache.velocity.runtime.resource.loader.ClasspathResourceLoader
2023-03-13 12:28:54,307 - ResourceManager : found deleteseq.vm with loader org.apache.velocity.runtime.resource.loader.ClasspathResourceLoader
2023-03-13 12:30:32,636 - Log4JLogChute initialized using file 'velocity.log'
2023-03-13 12:30:32,637 - Initializing Velocity, Calling init()...
2023-03-13 12:30:32,637 - Starting Apache Velocity v1.7 (compiled: 2010-11-19 12:14:37)
2023-03-13 12:30:32,637 - Default Properties File: org\apache\velocity\runtime\defaults\velocity.properties
2023-03-13 12:30:32,637 - Trying to use logger class org.apache.velocity.runtime.log.AvalonLogChute
2023-03-13 12:30:32,637 - Target log system for org.apache.velocity.runtime.log.AvalonLogChute is not available (java.lang.NoClassDefFoundError: org/apache/log/format/Formatter).  Falling back to next log system...
2023-03-13 12:30:32,637 - Trying to use logger class org.apache.velocity.runtime.log.Log4JLogChute
2023-03-13 12:30:32,637 - Using logger class org.apache.velocity.runtime.log.Log4JLogChute
2023-03-13 12:30:32,640 - ResourceLoader instantiated: org.apache.velocity.runtime.resource.loader.ClasspathResourceLoader
2023-03-13 12:30:32,656 - ResourceCache: initialized (class org.apache.velocity.runtime.resource.ResourceCacheImpl) with class java.util.Collections$SynchronizedMap cache map.
2023-03-13 12:30:32,658 - Loaded System Directive: org.apache.velocity.runtime.directive.Stop
2023-03-13 12:30:32,660 - Loaded System Directive: org.apache.velocity.runtime.directive.Define
2023-03-13 12:30:32,661 - Loaded System Directive: org.apache.velocity.runtime.directive.Break
2023-03-13 12:30:32,662 - Loaded System Directive: org.apache.velocity.runtime.directive.Evaluate
2023-03-13 12:30:32,662 - Loaded System Directive: org.apache.velocity.runtime.directive.Literal
2023-03-13 12:30:32,664 - Loaded System Directive: org.apache.velocity.runtime.directive.Macro
2023-03-13 12:30:32,665 - Loaded System Directive: org.apache.velocity.runtime.directive.Parse
2023-03-13 12:30:32,671 - Loaded System Directive: org.apache.velocity.runtime.directive.Include
2023-03-13 12:30:32,672 - Loaded System Directive: org.apache.velocity.runtime.directive.Foreach
2023-03-13 12:30:32,707 - Created '20' parsers.
2023-03-13 12:30:32,713 - Velocimacro : "velocimacro.library" is not set.  Trying default library: VM_global_library.vm
2023-03-13 12:30:32,714 - Could not load resource 'VM_global_library.vm' from ResourceLoader org.apache.velocity.runtime.resource.loader.ClasspathResourceLoader: ClasspathResourceLoader Error: cannot find resource VM_global_library.vm
2023-03-13 12:30:32,714 - Velocimacro : Default library not found.
2023-03-13 12:30:32,714 - Velocimacro : allowInline = true : VMs can be defined inline in templates
2023-03-13 12:30:32,714 - Velocimacro : allowInlineToOverride = false : VMs defined inline may NOT replace previous VM definitions
2023-03-13 12:30:32,714 - Velocimacro : allowInlineLocal = false : VMs defined inline will be global in scope if allowed.
2023-03-13 12:30:32,714 - Velocimacro : autoload off : VM system will not automatically reload global library macros
2023-03-13 12:30:32,782 - ResourceManager : found pom.vm with loader org.apache.velocity.runtime.resource.loader.ClasspathResourceLoader
2023-03-13 12:30:32,801 - ResourceManager : found servletinit.vm with loader org.apache.velocity.runtime.resource.loader.ClasspathResourceLoader
2023-03-13 12:30:32,805 - ResourceManager : found uhpocapp.vm with loader org.apache.velocity.runtime.resource.loader.ClasspathResourceLoader
2023-03-13 12:30:32,809 - ResourceManager : found appyaml.vm with loader org.apache.velocity.runtime.resource.loader.ClasspathResourceLoader
2023-03-13 12:30:32,816 - ResourceManager : found log4j.vm with loader org.apache.velocity.runtime.resource.loader.ClasspathResourceLoader
2023-03-13 12:30:32,834 - ResourceManager : found controller.vm with loader org.apache.velocity.runtime.resource.loader.ClasspathResourceLoader
2023-03-13 12:30:32,848 - ResourceManager : found errmsg.vm with loader org.apache.velocity.runtime.resource.loader.ClasspathResourceLoader
2023-03-13 12:30:33,040 - ResourceManager : found entity.vm with loader org.apache.velocity.runtime.resource.loader.ClasspathResourceLoader
2023-03-13 12:30:33,049 - ResourceManager : found repo.vm with loader org.apache.velocity.runtime.resource.loader.ClasspathResourceLoader
2023-03-13 12:30:33,056 - ResourceManager : found service.vm with loader org.apache.velocity.runtime.resource.loader.ClasspathResourceLoader
2023-03-13 12:30:33,062 - ResourceManager : found exception.vm with loader org.apache.velocity.runtime.resource.loader.ClasspathResourceLoader
2023-03-13 12:30:33,067 - ResourceManager : found response.vm with loader org.apache.velocity.runtime.resource.loader.ClasspathResourceLoader
2023-03-13 12:30:33,068 - Null reference [template 'response.vm', line 3, column 15] : ${genDate} cannot be resolved.
2023-03-13 12:30:33,068 - Null reference [template 'response.vm', line 4, column 47] : ${Cservice} cannot be resolved.
2023-03-13 12:30:33,079 - ResourceManager : found impl.vm with loader org.apache.velocity.runtime.resource.loader.ClasspathResourceLoader
2023-03-13 12:30:33,088 - ResourceManager : found classdiag.vm with loader org.apache.velocity.runtime.resource.loader.ClasspathResourceLoader
2023-03-13 12:30:33,103 - ResourceManager : found postseq.vm with loader org.apache.velocity.runtime.resource.loader.ClasspathResourceLoader
2023-03-13 12:30:33,109 - ResourceManager : found getseq.vm with loader org.apache.velocity.runtime.resource.loader.ClasspathResourceLoader
2023-03-13 12:30:33,116 - ResourceManager : found getall.vm with loader org.apache.velocity.runtime.resource.loader.ClasspathResourceLoader
2023-03-13 12:30:33,121 - ResourceManager : found updateseq.vm with loader org.apache.velocity.runtime.resource.loader.ClasspathResourceLoader
2023-03-13 12:30:33,127 - ResourceManager : found deleteseq.vm with loader org.apache.velocity.runtime.resource.loader.ClasspathResourceLoader
2023-03-13 12:33:04,317 - Log4JLogChute initialized using file 'velocity.log'
2023-03-13 12:33:04,317 - Initializing Velocity, Calling init()...
2023-03-13 12:33:04,317 - Starting Apache Velocity v1.7 (compiled: 2010-11-19 12:14:37)
2023-03-13 12:33:04,317 - Default Properties File: org\apache\velocity\runtime\defaults\velocity.properties
2023-03-13 12:33:04,317 - Trying to use logger class org.apache.velocity.runtime.log.AvalonLogChute
2023-03-13 12:33:04,322 - Target log system for org.apache.velocity.runtime.log.AvalonLogChute is not available (java.lang.NoClassDefFoundError: org/apache/log/format/Formatter).  Falling back to next log system...
2023-03-13 12:33:04,322 - Trying to use logger class org.apache.velocity.runtime.log.Log4JLogChute
2023-03-13 12:33:04,322 - Using logger class org.apache.velocity.runtime.log.Log4JLogChute
2023-03-13 12:33:04,328 - ResourceLoader instantiated: org.apache.velocity.runtime.resource.loader.ClasspathResourceLoader
2023-03-13 12:33:04,354 - ResourceCache: initialized (class org.apache.velocity.runtime.resource.ResourceCacheImpl) with class java.util.Collections$SynchronizedMap cache map.
2023-03-13 12:33:04,356 - Loaded System Directive: org.apache.velocity.runtime.directive.Stop
2023-03-13 12:33:04,357 - Loaded System Directive: org.apache.velocity.runtime.directive.Define
2023-03-13 12:33:04,357 - Loaded System Directive: org.apache.velocity.runtime.directive.Break
2023-03-13 12:33:04,360 - Loaded System Directive: org.apache.velocity.runtime.directive.Evaluate
2023-03-13 12:33:04,361 - Loaded System Directive: org.apache.velocity.runtime.directive.Literal
2023-03-13 12:33:04,363 - Loaded System Directive: org.apache.velocity.runtime.directive.Macro
2023-03-13 12:33:04,365 - Loaded System Directive: org.apache.velocity.runtime.directive.Parse
2023-03-13 12:33:04,374 - Loaded System Directive: org.apache.velocity.runtime.directive.Include
2023-03-13 12:33:04,375 - Loaded System Directive: org.apache.velocity.runtime.directive.Foreach
2023-03-13 12:33:04,427 - Created '20' parsers.
2023-03-13 12:33:04,436 - Velocimacro : "velocimacro.library" is not set.  Trying default library: VM_global_library.vm
2023-03-13 12:33:04,436 - Could not load resource 'VM_global_library.vm' from ResourceLoader org.apache.velocity.runtime.resource.loader.ClasspathResourceLoader: ClasspathResourceLoader Error: cannot find resource VM_global_library.vm
2023-03-13 12:33:04,436 - Velocimacro : Default library not found.
2023-03-13 12:33:04,436 - Velocimacro : allowInline = true : VMs can be defined inline in templates
2023-03-13 12:33:04,436 - Velocimacro : allowInlineToOverride = false : VMs defined inline may NOT replace previous VM definitions
2023-03-13 12:33:04,436 - Velocimacro : allowInlineLocal = false : VMs defined inline will be global in scope if allowed.
2023-03-13 12:33:04,436 - Velocimacro : autoload off : VM system will not automatically reload global library macros
2023-03-13 12:33:04,495 - ResourceManager : found pom.vm with loader org.apache.velocity.runtime.resource.loader.ClasspathResourceLoader
2023-03-13 12:33:04,500 - ResourceManager : found servletinit.vm with loader org.apache.velocity.runtime.resource.loader.ClasspathResourceLoader
2023-03-13 12:33:04,503 - ResourceManager : found uhpocapp.vm with loader org.apache.velocity.runtime.resource.loader.ClasspathResourceLoader
2023-03-13 12:33:04,506 - ResourceManager : found appyaml.vm with loader org.apache.velocity.runtime.resource.loader.ClasspathResourceLoader
2023-03-13 12:33:04,509 - ResourceManager : found log4j.vm with loader org.apache.velocity.runtime.resource.loader.ClasspathResourceLoader
2023-03-13 12:33:04,525 - ResourceManager : found controller.vm with loader org.apache.velocity.runtime.resource.loader.ClasspathResourceLoader
2023-03-13 12:33:04,538 - ResourceManager : found errmsg.vm with loader org.apache.velocity.runtime.resource.loader.ClasspathResourceLoader
2023-03-13 12:33:04,541 - ResourceManager : found entity.vm with loader org.apache.velocity.runtime.resource.loader.ClasspathResourceLoader
2023-03-13 12:33:04,545 - ResourceManager : found repo.vm with loader org.apache.velocity.runtime.resource.loader.ClasspathResourceLoader
2023-03-13 12:33:04,548 - ResourceManager : found service.vm with loader org.apache.velocity.runtime.resource.loader.ClasspathResourceLoader
2023-03-13 12:33:04,551 - ResourceManager : found exception.vm with loader org.apache.velocity.runtime.resource.loader.ClasspathResourceLoader
2023-03-13 12:33:04,553 - ResourceManager : found response.vm with loader org.apache.velocity.runtime.resource.loader.ClasspathResourceLoader
2023-03-13 12:33:04,555 - Null reference [template 'response.vm', line 3, column 15] : ${genDate} cannot be resolved.
2023-03-13 12:33:04,555 - Null reference [template 'response.vm', line 4, column 47] : ${Cservice} cannot be resolved.
2023-03-13 12:33:04,563 - ResourceManager : found impl.vm with loader org.apache.velocity.runtime.resource.loader.ClasspathResourceLoader
2023-03-13 12:33:04,571 - ResourceManager : found classdiag.vm with loader org.apache.velocity.runtime.resource.loader.ClasspathResourceLoader
2023-03-13 12:33:04,579 - ResourceManager : found postseq.vm with loader org.apache.velocity.runtime.resource.loader.ClasspathResourceLoader
2023-03-13 12:33:04,583 - ResourceManager : found getseq.vm with loader org.apache.velocity.runtime.resource.loader.ClasspathResourceLoader
2023-03-13 12:33:04,588 - ResourceManager : found getall.vm with loader org.apache.velocity.runtime.resource.loader.ClasspathResourceLoader
2023-03-13 12:33:04,592 - ResourceManager : found updateseq.vm with loader org.apache.velocity.runtime.resource.loader.ClasspathResourceLoader
2023-03-13 12:33:04,595 - ResourceManager : found deleteseq.vm with loader org.apache.velocity.runtime.resource.loader.ClasspathResourceLoader
2023-03-13 12:36:30,721 - Log4JLogChute initialized using file 'velocity.log'
2023-03-13 12:36:30,721 - Initializing Velocity, Calling init()...
2023-03-13 12:36:30,721 - Starting Apache Velocity v1.7 (compiled: 2010-11-19 12:14:37)
2023-03-13 12:36:30,721 - Default Properties File: org\apache\velocity\runtime\defaults\velocity.properties
2023-03-13 12:36:30,721 - Trying to use logger class org.apache.velocity.runtime.log.AvalonLogChute
2023-03-13 12:36:30,721 - Target log system for org.apache.velocity.runtime.log.AvalonLogChute is not available (java.lang.NoClassDefFoundError: org/apache/log/format/Formatter).  Falling back to next log system...
2023-03-13 12:36:30,721 - Trying to use logger class org.apache.velocity.runtime.log.Log4JLogChute
2023-03-13 12:36:30,721 - Using logger class org.apache.velocity.runtime.log.Log4JLogChute
2023-03-13 12:36:30,730 - ResourceLoader instantiated: org.apache.velocity.runtime.resource.loader.ClasspathResourceLoader
2023-03-13 12:36:30,747 - ResourceCache: initialized (class org.apache.velocity.runtime.resource.ResourceCacheImpl) with class java.util.Collections$SynchronizedMap cache map.
2023-03-13 12:36:30,750 - Loaded System Directive: org.apache.velocity.runtime.directive.Stop
2023-03-13 12:36:30,752 - Loaded System Directive: org.apache.velocity.runtime.directive.Define
2023-03-13 12:36:30,752 - Loaded System Directive: org.apache.velocity.runtime.directive.Break
2023-03-13 12:36:30,752 - Loaded System Directive: org.apache.velocity.runtime.directive.Evaluate
2023-03-13 12:36:30,752 - Loaded System Directive: org.apache.velocity.runtime.directive.Literal
2023-03-13 12:36:30,757 - Loaded System Directive: org.apache.velocity.runtime.directive.Macro
2023-03-13 12:36:30,759 - Loaded System Directive: org.apache.velocity.runtime.directive.Parse
2023-03-13 12:36:30,767 - Loaded System Directive: org.apache.velocity.runtime.directive.Include
2023-03-13 12:36:30,768 - Loaded System Directive: org.apache.velocity.runtime.directive.Foreach
2023-03-13 12:36:30,822 - Created '20' parsers.
2023-03-13 12:36:30,832 - Velocimacro : "velocimacro.library" is not set.  Trying default library: VM_global_library.vm
2023-03-13 12:36:30,832 - Could not load resource 'VM_global_library.vm' from ResourceLoader org.apache.velocity.runtime.resource.loader.ClasspathResourceLoader: ClasspathResourceLoader Error: cannot find resource VM_global_library.vm
2023-03-13 12:36:30,833 - Velocimacro : Default library not found.
2023-03-13 12:36:30,833 - Velocimacro : allowInline = true : VMs can be defined inline in templates
2023-03-13 12:36:30,833 - Velocimacro : allowInlineToOverride = false : VMs defined inline may NOT replace previous VM definitions
2023-03-13 12:36:30,833 - Velocimacro : allowInlineLocal = false : VMs defined inline will be global in scope if allowed.
2023-03-13 12:36:30,833 - Velocimacro : autoload off : VM system will not automatically reload global library macros
2023-03-13 12:36:30,854 - ResourceManager : found pom.vm with loader org.apache.velocity.runtime.resource.loader.ClasspathResourceLoader
2023-03-13 12:36:30,860 - ResourceManager : found servletinit.vm with loader org.apache.velocity.runtime.resource.loader.ClasspathResourceLoader
2023-03-13 12:36:30,862 - ResourceManager : found uhpocapp.vm with loader org.apache.velocity.runtime.resource.loader.ClasspathResourceLoader
2023-03-13 12:36:30,864 - ResourceManager : found appyaml.vm with loader org.apache.velocity.runtime.resource.loader.ClasspathResourceLoader
2023-03-13 12:36:30,866 - ResourceManager : found log4j.vm with loader org.apache.velocity.runtime.resource.loader.ClasspathResourceLoader
2023-03-13 12:36:30,872 - ResourceManager : found controller.vm with loader org.apache.velocity.runtime.resource.loader.ClasspathResourceLoader
2023-03-13 12:36:30,876 - ResourceManager : found errmsg.vm with loader org.apache.velocity.runtime.resource.loader.ClasspathResourceLoader
2023-03-13 12:36:30,879 - ResourceManager : found entity.vm with loader org.apache.velocity.runtime.resource.loader.ClasspathResourceLoader
2023-03-13 12:36:30,881 - ResourceManager : found repo.vm with loader org.apache.velocity.runtime.resource.loader.ClasspathResourceLoader
2023-03-13 12:36:30,883 - ResourceManager : found service.vm with loader org.apache.velocity.runtime.resource.loader.ClasspathResourceLoader
2023-03-13 12:36:30,885 - ResourceManager : found exception.vm with loader org.apache.velocity.runtime.resource.loader.ClasspathResourceLoader
2023-03-13 12:36:30,888 - ResourceManager : found response.vm with loader org.apache.velocity.runtime.resource.loader.ClasspathResourceLoader
2023-03-13 12:36:30,888 - Null reference [template 'response.vm', line 3, column 15] : ${genDate} cannot be resolved.
2023-03-13 12:36:30,888 - Null reference [template 'response.vm', line 4, column 47] : ${Cservice} cannot be resolved.
2023-03-13 12:36:30,893 - ResourceManager : found impl.vm with loader org.apache.velocity.runtime.resource.loader.ClasspathResourceLoader
2023-03-13 12:36:30,896 - ResourceManager : found classdiag.vm with loader org.apache.velocity.runtime.resource.loader.ClasspathResourceLoader
2023-03-13 12:36:30,900 - ResourceManager : found postseq.vm with loader org.apache.velocity.runtime.resource.loader.ClasspathResourceLoader
2023-03-13 12:36:30,903 - ResourceManager : found getseq.vm with loader org.apache.velocity.runtime.resource.loader.ClasspathResourceLoader
2023-03-13 12:36:30,906 - ResourceManager : found getall.vm with loader org.apache.velocity.runtime.resource.loader.ClasspathResourceLoader
2023-03-13 12:36:30,910 - ResourceManager : found updateseq.vm with loader org.apache.velocity.runtime.resource.loader.ClasspathResourceLoader
2023-03-13 12:36:30,912 - ResourceManager : found deleteseq.vm with loader org.apache.velocity.runtime.resource.loader.ClasspathResourceLoader
