2022-Dec-27 14:18:53 INFO [restartedMain] com.cpa.uhpocms.AdminRoleApplication.main(AdminRoleApplication.java:14) - in main class 
2022-Dec-27 14:20:18 INFO [http-nio-8090-exec-3] com.cpa.uhpocms.controller.AdminRoleController.getAllAdminRole(AdminRoleController.java:79) - in getAll method
2022-Dec-27 14:20:18 DEBUG [http-nio-8090-exec-3] com.cpa.uhpocms.controller.AdminRoleController.getAllAdminRole(AdminRoleController.java:80) - in getAllAdminRole method
2022-Dec-27 14:20:18 DEBUG [http-nio-8090-exec-3] com.cpa.uhpocms.serviceimpl.AdminRoleServiceImpl.getAllAdminRole(AdminRoleServiceImpl.java:71) - Entering getAllAdminRole
2022-Dec-27 14:20:18 INFO [http-nio-8090-exec-3] com.cpa.uhpocms.serviceimpl.AdminRoleServiceImpl.getAllAdminRole(AdminRoleServiceImpl.java:74) - Fetched all active users :[]
2022-Dec-27 14:20:38 DEBUG [http-nio-8090-exec-2] com.cpa.uhpocms.controller.AdminRoleController.addAdminRole(AdminRoleController.java:49) - Entering addAdminRole
2022-Dec-27 14:20:38 INFO [http-nio-8090-exec-2] com.cpa.uhpocms.controller.AdminRoleController.addAdminRole(AdminRoleController.java:51) - in POST Operation method
2022-Dec-27 14:20:38 DEBUG [http-nio-8090-exec-2] com.cpa.uhpocms.serviceimpl.AdminRoleServiceImpl.saveAdminRole(AdminRoleServiceImpl.java:39) - Entering createRole
2022-Dec-27 14:20:38 INFO [http-nio-8090-exec-2] com.cpa.uhpocms.serviceimpl.AdminRoleServiceImpl.saveAdminRole(AdminRoleServiceImpl.java:59) - created Role :AdminRole [roleId=2, isActive=true, roleName=admin, roleDescription=teacher role, createdBy=admin, createdOn=Tue Dec 27 14:20:38 IST 2022, modifiedBy=admin, modifiedOn=Tue Dec 27 14:20:38 IST 2022]
2022-Dec-27 14:20:44 DEBUG [http-nio-8090-exec-4] com.cpa.uhpocms.controller.AdminRoleController.addAdminRole(AdminRoleController.java:49) - Entering addAdminRole
2022-Dec-27 14:20:44 INFO [http-nio-8090-exec-4] com.cpa.uhpocms.controller.AdminRoleController.addAdminRole(AdminRoleController.java:51) - in POST Operation method
2022-Dec-27 14:20:44 DEBUG [http-nio-8090-exec-4] com.cpa.uhpocms.serviceimpl.AdminRoleServiceImpl.saveAdminRole(AdminRoleServiceImpl.java:39) - Entering createRole
2022-Dec-27 14:20:44 INFO [http-nio-8090-exec-4] com.cpa.uhpocms.serviceimpl.AdminRoleServiceImpl.saveAdminRole(AdminRoleServiceImpl.java:59) - created Role :AdminRole [roleId=3, isActive=true, roleName=coadmin, roleDescription=teacher role, createdBy=admin, createdOn=Tue Dec 27 14:20:44 IST 2022, modifiedBy=admin, modifiedOn=Tue Dec 27 14:20:44 IST 2022]
2022-Dec-27 14:20:59 DEBUG [http-nio-8090-exec-6] com.cpa.uhpocms.controller.AdminRoleController.addAdminRole(AdminRoleController.java:49) - Entering addAdminRole
2022-Dec-27 14:20:59 INFO [http-nio-8090-exec-6] com.cpa.uhpocms.controller.AdminRoleController.addAdminRole(AdminRoleController.java:51) - in POST Operation method
2022-Dec-27 14:20:59 DEBUG [http-nio-8090-exec-6] com.cpa.uhpocms.serviceimpl.AdminRoleServiceImpl.saveAdminRole(AdminRoleServiceImpl.java:39) - Entering createRole
2022-Dec-27 14:20:59 INFO [http-nio-8090-exec-6] com.cpa.uhpocms.serviceimpl.AdminRoleServiceImpl.saveAdminRole(AdminRoleServiceImpl.java:59) - created Role :null
2022-Dec-27 14:21:15 INFO [http-nio-8090-exec-7] com.cpa.uhpocms.controller.AdminRoleController.getAllAdminRole(AdminRoleController.java:79) - in getAll method
2022-Dec-27 14:21:15 DEBUG [http-nio-8090-exec-7] com.cpa.uhpocms.controller.AdminRoleController.getAllAdminRole(AdminRoleController.java:80) - in getAllAdminRole method
2022-Dec-27 14:21:15 DEBUG [http-nio-8090-exec-7] com.cpa.uhpocms.serviceimpl.AdminRoleServiceImpl.getAllAdminRole(AdminRoleServiceImpl.java:71) - Entering getAllAdminRole
2022-Dec-27 14:21:15 INFO [http-nio-8090-exec-7] com.cpa.uhpocms.serviceimpl.AdminRoleServiceImpl.getAllAdminRole(AdminRoleServiceImpl.java:74) - Fetched all active users :[AdminRole [roleId=2, isActive=true, roleName=admin, roleDescription=teacher role, createdBy=admin, createdOn=2022-12-27 14:20:38.164, modifiedBy=admin, modifiedOn=2022-12-27 14:20:38.164], AdminRole [roleId=3, isActive=true, roleName=coadmin, roleDescription=teacher role, createdBy=admin, createdOn=2022-12-27 14:20:44.567, modifiedBy=admin, modifiedOn=2022-12-27 14:20:44.567]]
2022-Dec-27 14:21:32 DEBUG [http-nio-8090-exec-8] com.cpa.uhpocms.controller.AdminRoleController.addAdminRole(AdminRoleController.java:49) - Entering addAdminRole
2022-Dec-27 14:21:32 INFO [http-nio-8090-exec-8] com.cpa.uhpocms.controller.AdminRoleController.addAdminRole(AdminRoleController.java:51) - in POST Operation method
2022-Dec-27 14:21:32 DEBUG [http-nio-8090-exec-8] com.cpa.uhpocms.serviceimpl.AdminRoleServiceImpl.saveAdminRole(AdminRoleServiceImpl.java:39) - Entering createRole
2022-Dec-27 14:21:32 INFO [http-nio-8090-exec-8] com.cpa.uhpocms.serviceimpl.AdminRoleServiceImpl.saveAdminRole(AdminRoleServiceImpl.java:59) - created Role :null
2022-Dec-27 14:21:36 INFO [http-nio-8090-exec-10] com.cpa.uhpocms.controller.AdminRoleController.getRoleByRoleName(AdminRoleController.java:105) - In GET method 
2022-Dec-27 14:21:36 DEBUG [http-nio-8090-exec-10] com.cpa.uhpocms.controller.AdminRoleController.getRoleByRoleName(AdminRoleController.java:106) - Entering getRoleByRoleName
2022-Dec-27 14:21:36 DEBUG [http-nio-8090-exec-10] com.cpa.uhpocms.serviceimpl.AdminRoleServiceImpl.getRoleByRoleName(AdminRoleServiceImpl.java:106) - getRoleByRoleName
2022-Dec-27 14:21:36 INFO [http-nio-8090-exec-10] com.cpa.uhpocms.serviceimpl.AdminRoleServiceImpl.getRoleByRoleName(AdminRoleServiceImpl.java:108) - Find Role by role name :AdminRole [roleId=1, isActive=false, roleName=teacher, roleDescription=camin roles, createdBy=admin, createdOn=2022-12-22 15:25:35.275, modifiedBy=admin, modifiedOn=2022-12-22 15:29:14.141]
2022-Dec-27 14:21:40 INFO [http-nio-8090-exec-1] com.cpa.uhpocms.controller.AdminRoleController.getAllAdminRole(AdminRoleController.java:79) - in getAll method
2022-Dec-27 14:21:40 DEBUG [http-nio-8090-exec-1] com.cpa.uhpocms.controller.AdminRoleController.getAllAdminRole(AdminRoleController.java:80) - in getAllAdminRole method
2022-Dec-27 14:21:40 DEBUG [http-nio-8090-exec-1] com.cpa.uhpocms.serviceimpl.AdminRoleServiceImpl.getAllAdminRole(AdminRoleServiceImpl.java:71) - Entering getAllAdminRole
2022-Dec-27 14:21:40 INFO [http-nio-8090-exec-1] com.cpa.uhpocms.serviceimpl.AdminRoleServiceImpl.getAllAdminRole(AdminRoleServiceImpl.java:74) - Fetched all active users :[AdminRole [roleId=2, isActive=true, roleName=admin, roleDescription=teacher role, createdBy=admin, createdOn=2022-12-27 14:20:38.164, modifiedBy=admin, modifiedOn=2022-12-27 14:20:38.164], AdminRole [roleId=3, isActive=true, roleName=coadmin, roleDescription=teacher role, createdBy=admin, createdOn=2022-12-27 14:20:44.567, modifiedBy=admin, modifiedOn=2022-12-27 14:20:44.567]]
2023-Jan-05 15:04:33 INFO [restartedMain] com.cpa.uhpocms.AdminRoleApplication.main(AdminRoleApplication.java:15) - in main class 
2023-Jan-05 15:06:57 INFO [http-nio-8090-exec-2] com.cpa.uhpocms.controller.AdminRoleController.getAllAdminRole(AdminRoleController.java:82) - in getAll method
2023-Jan-05 15:06:57 DEBUG [http-nio-8090-exec-2] com.cpa.uhpocms.controller.AdminRoleController.getAllAdminRole(AdminRoleController.java:83) - in getAllAdminRole method
2023-Jan-05 15:06:57 DEBUG [http-nio-8090-exec-2] com.cpa.uhpocms.serviceimpl.AdminRoleServiceImpl.getAllAdminRole(AdminRoleServiceImpl.java:71) - Entering getAllAdminRole
2023-Jan-05 15:06:57 INFO [http-nio-8090-exec-2] com.cpa.uhpocms.serviceimpl.AdminRoleServiceImpl.getAllAdminRole(AdminRoleServiceImpl.java:74) - Fetched all active users :[AdminRole [roleId=1, isActive=true, roleName=teacher, roleDescription=vhvghvgh, createdBy=admin, createdOn=2023-01-05 06:57:00.497, modifiedBy=admin, modifiedOn=2023-01-05 06:57:00.497]]

2023-Feb-10 13:01:06 INFO [restartedMain] com.cpa.uhpocms.AdminRoleApplication.main(AdminRoleApplication.java:15) - in main class 
2023-Feb-10 13:01:57 INFO [restartedMain] com.cpa.uhpocms.AdminRoleApplication.main(AdminRoleApplication.java:15) - in main class 
2023-Feb-10 13:02:20 INFO [restartedMain] com.cpa.uhpocms.AdminRoleApplication.main(AdminRoleApplication.java:15) - in main class 
2023-Feb-10 13:03:25 INFO [http-nio-8080-exec-2] com.cpa.uhpocms.controller.AdminRoleController.getAllAdminRole(AdminRoleController.java:82) - in getAll method
2023-Feb-10 13:03:25 DEBUG [http-nio-8080-exec-2] com.cpa.uhpocms.controller.AdminRoleController.getAllAdminRole(AdminRoleController.java:83) - in getAllAdminRole method
2023-Feb-10 13:03:25 DEBUG [http-nio-8080-exec-2] com.cpa.uhpocms.serviceimpl.AdminRoleServiceImpl.getAllInactiveAdminRoles(AdminRoleServiceImpl.java:174) - Entering getAllInactiveAdminRoles
2023-Feb-10 13:03:26 INFO [http-nio-8080-exec-2] com.cpa.uhpocms.serviceimpl.AdminRoleServiceImpl.getAllInactiveAdminRoles(AdminRoleServiceImpl.java:177) - Fetched all inactive admin roles:[AdminRole [roleId=6, isActive=false, roleName=teacher, roleDescription=teadcher1234, createdBy=admin, createdOn=2023-01-05 15:23:05.228, modifiedBy=admin, modifiedOn=2023-01-05 15:23:12.279]]
2023-Feb-10 13:03:32 INFO [http-nio-8080-exec-3] com.cpa.uhpocms.controller.AdminRoleController.getAllAdminRole(AdminRoleController.java:82) - in getAll method
2023-Feb-10 13:03:32 DEBUG [http-nio-8080-exec-3] com.cpa.uhpocms.controller.AdminRoleController.getAllAdminRole(AdminRoleController.java:83) - in getAllAdminRole method
2023-Feb-10 13:03:32 DEBUG [http-nio-8080-exec-3] com.cpa.uhpocms.serviceimpl.AdminRoleServiceImpl.getAllAdminRole(AdminRoleServiceImpl.java:71) - Entering getAllAdminRole
2023-Feb-10 13:03:32 INFO [http-nio-8080-exec-3] com.cpa.uhpocms.serviceimpl.AdminRoleServiceImpl.getAllAdminRole(AdminRoleServiceImpl.java:74) - Fetched all active users :[AdminRole [roleId=1, isActive=true, roleName=student, roleDescription=student, createdBy=admin, createdOn=2023-01-04 16:54:06.018, modifiedBy=admin, modifiedOn=2023-01-05 11:49:25.856], AdminRole [roleId=5, isActive=true, roleName=coadmin, roleDescription=coadmin1, createdBy=admin, createdOn=2023-01-05 15:21:53.37, modifiedBy=admin, modifiedOn=2023-01-05 17:11:45.737], AdminRole [roleId=7, isActive=true, roleName=admin, roleDescription=coadmin1, createdBy=admin, createdOn=2023-01-05 17:11:56.854, modifiedBy=admin, modifiedOn=2023-01-05 17:11:56.854]]
2023-Feb-10 13:04:43 INFO [restartedMain] com.cpa.uhpocms.AdminRoleApplication.main(AdminRoleApplication.java:15) - in main class 
2023-Feb-10 13:04:52 INFO [restartedMain] com.cpa.uhpocms.AdminRoleApplication.main(AdminRoleApplication.java:15) - in main class 
2023-Feb-10 13:07:10 INFO [restartedMain] com.cpa.uhpocms.AdminRoleApplication.main(AdminRoleApplication.java:15) - in main class 
2023-Feb-10 13:07:23 INFO [restartedMain] com.cpa.uhpocms.AdminRoleApplication.main(AdminRoleApplication.java:15) - in main class 
2023-Feb-10 13:07:26 INFO [restartedMain] com.cpa.uhpocms.AdminRoleApplication.main(AdminRoleApplication.java:15) - in main class 
2023-Feb-10 13:08:06 INFO [http-nio-8080-exec-2] com.cpa.uhpocms.controller.AdminRoleController.getAllAdminRole(AdminRoleController.java:83) - in getAll method
2023-Feb-10 13:08:06 DEBUG [http-nio-8080-exec-2] com.cpa.uhpocms.controller.AdminRoleController.getAllAdminRole(AdminRoleController.java:84) - in getAllAdminRole method
2023-Feb-10 13:08:06 DEBUG [http-nio-8080-exec-2] com.cpa.uhpocms.serviceimpl.AdminRoleServiceImpl.getAllInactiveAdminRoles(AdminRoleServiceImpl.java:174) - Entering getAllInactiveAdminRoles
2023-Feb-10 13:08:07 INFO [http-nio-8080-exec-2] com.cpa.uhpocms.serviceimpl.AdminRoleServiceImpl.getAllInactiveAdminRoles(AdminRoleServiceImpl.java:177) - Fetched all inactive admin roles:[AdminRole [roleId=6, isActive=false, roleName=teacher, roleDescription=teadcher1234, createdBy=admin, createdOn=2023-01-05 15:23:05.228, modifiedBy=admin, modifiedOn=2023-01-05 15:23:12.279]]
2023-Feb-10 13:08:14 INFO [http-nio-8080-exec-3] com.cpa.uhpocms.controller.AdminRoleController.activateRoleByRoleId(AdminRoleController.java:204) - In activation Operaton 
2023-Feb-10 13:08:14 DEBUG [http-nio-8080-exec-3] com.cpa.uhpocms.controller.AdminRoleController.activateRoleByRoleId(AdminRoleController.java:205) - In activateRoleByRoleId
2023-Feb-10 13:08:14 DEBUG [http-nio-8080-exec-3] com.cpa.uhpocms.serviceimpl.AdminRoleServiceImpl.activateAdminRoleByRoleId(AdminRoleServiceImpl.java:159) - Entering in activateAdminRoleByRoleId
2023-Feb-10 13:08:14 INFO [http-nio-8080-exec-3] com.cpa.uhpocms.serviceimpl.AdminRoleServiceImpl.activateAdminRoleByRoleId(AdminRoleServiceImpl.java:163) - activate role by role id :6
2023-Feb-10 13:08:17 INFO [http-nio-8080-exec-4] com.cpa.uhpocms.controller.AdminRoleController.getAllAdminRole(AdminRoleController.java:83) - in getAll method
2023-Feb-10 13:08:17 DEBUG [http-nio-8080-exec-4] com.cpa.uhpocms.controller.AdminRoleController.getAllAdminRole(AdminRoleController.java:84) - in getAllAdminRole method
2023-Feb-10 13:08:17 DEBUG [http-nio-8080-exec-4] com.cpa.uhpocms.serviceimpl.AdminRoleServiceImpl.getAllInactiveAdminRoles(AdminRoleServiceImpl.java:174) - Entering getAllInactiveAdminRoles
2023-Feb-10 13:08:17 INFO [http-nio-8080-exec-4] com.cpa.uhpocms.serviceimpl.AdminRoleServiceImpl.getAllInactiveAdminRoles(AdminRoleServiceImpl.java:177) - Fetched all inactive admin roles:[]
2023-Feb-10 13:08:20 INFO [http-nio-8080-exec-5] com.cpa.uhpocms.controller.AdminRoleController.getAllAdminRole(AdminRoleController.java:83) - in getAll method
2023-Feb-10 13:08:20 DEBUG [http-nio-8080-exec-5] com.cpa.uhpocms.controller.AdminRoleController.getAllAdminRole(AdminRoleController.java:84) - in getAllAdminRole method
2023-Feb-10 13:08:20 DEBUG [http-nio-8080-exec-5] com.cpa.uhpocms.serviceimpl.AdminRoleServiceImpl.getAllAdminRole(AdminRoleServiceImpl.java:71) - Entering getAllAdminRole
2023-Feb-10 13:08:20 INFO [http-nio-8080-exec-5] com.cpa.uhpocms.serviceimpl.AdminRoleServiceImpl.getAllAdminRole(AdminRoleServiceImpl.java:74) - Fetched all active users :[AdminRole [roleId=1, isActive=true, roleName=student, roleDescription=student, createdBy=admin, createdOn=2023-01-04 16:54:06.018, modifiedBy=admin, modifiedOn=2023-01-05 11:49:25.856], AdminRole [roleId=5, isActive=true, roleName=coadmin, roleDescription=coadmin1, createdBy=admin, createdOn=2023-01-05 15:21:53.37, modifiedBy=admin, modifiedOn=2023-01-05 17:11:45.737], AdminRole [roleId=7, isActive=true, roleName=admin, roleDescription=coadmin1, createdBy=admin, createdOn=2023-01-05 17:11:56.854, modifiedBy=admin, modifiedOn=2023-01-05 17:11:56.854], AdminRole [roleId=6, isActive=true, roleName=teacher, roleDescription=teadcher1234, createdBy=admin, createdOn=2023-01-05 15:23:05.228, modifiedBy=admin, modifiedOn=2023-01-05 15:23:12.279]]
2023-Feb-10 13:08:42 INFO [http-nio-8080-exec-6] com.cpa.uhpocms.controller.AdminRoleController.deleteRoleByRoleName(AdminRoleController.java:142) - In DELETE Operaton 
2023-Feb-10 13:08:42 DEBUG [http-nio-8080-exec-6] com.cpa.uhpocms.controller.AdminRoleController.deleteRoleByRoleName(AdminRoleController.java:143) - In deleteRoleByRoleName
2023-Feb-10 13:08:42 DEBUG [http-nio-8080-exec-6] com.cpa.uhpocms.serviceimpl.AdminRoleServiceImpl.deleteAdminRoleByRoleName(AdminRoleServiceImpl.java:88) - Entering in delete role by role name
2023-Feb-10 13:08:42 INFO [http-nio-8080-exec-6] com.cpa.uhpocms.serviceimpl.AdminRoleServiceImpl.deleteAdminRoleByRoleName(AdminRoleServiceImpl.java:92) - Delete role by role name :1
2023-Feb-10 13:08:47 INFO [http-nio-8080-exec-7] com.cpa.uhpocms.controller.AdminRoleController.getAllAdminRole(AdminRoleController.java:83) - in getAll method
2023-Feb-10 13:08:47 DEBUG [http-nio-8080-exec-7] com.cpa.uhpocms.controller.AdminRoleController.getAllAdminRole(AdminRoleController.java:84) - in getAllAdminRole method
2023-Feb-10 13:08:47 DEBUG [http-nio-8080-exec-7] com.cpa.uhpocms.serviceimpl.AdminRoleServiceImpl.getAllInactiveAdminRoles(AdminRoleServiceImpl.java:174) - Entering getAllInactiveAdminRoles
2023-Feb-10 13:08:47 INFO [http-nio-8080-exec-7] com.cpa.uhpocms.serviceimpl.AdminRoleServiceImpl.getAllInactiveAdminRoles(AdminRoleServiceImpl.java:177) - Fetched all inactive admin roles:[AdminRole [roleId=1, isActive=false, roleName=student, roleDescription=student, createdBy=admin, createdOn=2023-01-04 16:54:06.018, modifiedBy=admin, modifiedOn=2023-01-05 11:49:25.856]]

2023-Mar-10 15:55:45 INFO [restartedMain] com.cpa.uhpocms.AdminRoleApplication.main(AdminRoleApplication.java:15) - in main class 
2023-Mar-10 15:56:15 DEBUG [http-nio-8080-exec-3] com.cpa.uhpocms.controller.AdminRoleController.addAdminRole(AdminRoleController.java:53) - Entering addAdminRole
2023-Mar-10 15:56:15 INFO [http-nio-8080-exec-3] com.cpa.uhpocms.controller.AdminRoleController.addAdminRole(AdminRoleController.java:55) - in POST Operation method
2023-Mar-10 15:56:15 DEBUG [http-nio-8080-exec-3] com.cpa.uhpocms.serviceimpl.AdminRoleServiceImpl.saveAdminRole(AdminRoleServiceImpl.java:39) - Entering createRole
2023-Mar-10 15:56:15 INFO [http-nio-8080-exec-3] com.cpa.uhpocms.serviceimpl.AdminRoleServiceImpl.saveAdminRole(AdminRoleServiceImpl.java:59) - created Role :AdminRole [roleId=2, isActive=true, roleName=teacher, roleDescription=teacher role, createdBy=admin, createdOn=Fri Mar 10 15:56:15 IST 2023, modifiedBy=admin, modifiedOn=Fri Mar 10 15:56:15 IST 2023]
2023-Mar-10 15:56:29 DEBUG [http-nio-8080-exec-4] com.cpa.uhpocms.controller.AdminRoleController.addAdminRole(AdminRoleController.java:53) - Entering addAdminRole
2023-Mar-10 15:56:29 INFO [http-nio-8080-exec-4] com.cpa.uhpocms.controller.AdminRoleController.addAdminRole(AdminRoleController.java:55) - in POST Operation method
2023-Mar-10 15:56:29 DEBUG [http-nio-8080-exec-4] com.cpa.uhpocms.serviceimpl.AdminRoleServiceImpl.saveAdminRole(AdminRoleServiceImpl.java:39) - Entering createRole
2023-Mar-10 15:56:29 INFO [http-nio-8080-exec-4] com.cpa.uhpocms.serviceimpl.AdminRoleServiceImpl.saveAdminRole(AdminRoleServiceImpl.java:59) - created Role :AdminRole [roleId=3, isActive=true, roleName=coadmin, roleDescription=teacher role, createdBy=admin, createdOn=Fri Mar 10 15:56:29 IST 2023, modifiedBy=admin, modifiedOn=Fri Mar 10 15:56:29 IST 2023]
2023-Mar-10 15:56:40 DEBUG [http-nio-8080-exec-5] com.cpa.uhpocms.controller.AdminRoleController.addAdminRole(AdminRoleController.java:53) - Entering addAdminRole
2023-Mar-10 15:56:40 INFO [http-nio-8080-exec-5] com.cpa.uhpocms.controller.AdminRoleController.addAdminRole(AdminRoleController.java:55) - in POST Operation method
2023-Mar-10 15:56:40 DEBUG [http-nio-8080-exec-5] com.cpa.uhpocms.serviceimpl.AdminRoleServiceImpl.saveAdminRole(AdminRoleServiceImpl.java:39) - Entering createRole
2023-Mar-10 15:56:41 INFO [http-nio-8080-exec-5] com.cpa.uhpocms.serviceimpl.AdminRoleServiceImpl.saveAdminRole(AdminRoleServiceImpl.java:59) - created Role :AdminRole [roleId=4, isActive=true, roleName=student, roleDescription=teacher role, createdBy=admin, createdOn=Fri Mar 10 15:56:40 IST 2023, modifiedBy=admin, modifiedOn=Fri Mar 10 15:56:40 IST 2023]
2023-Mar-14 12:48:50 INFO [restartedMain] com.cpa.uhpocms.AdminRoleApplication.main(AdminRoleApplication.java:15) - in main class 
2023-Mar-14 12:50:09 INFO [http-nio-8080-exec-3] com.cpa.uhpocms.controller.AdminRoleController.getAllAdminRole(AdminRoleController.java:83) - in getAll method
2023-Mar-14 12:50:09 DEBUG [http-nio-8080-exec-3] com.cpa.uhpocms.controller.AdminRoleController.getAllAdminRole(AdminRoleController.java:84) - in getAllAdminRole method
2023-Mar-14 12:50:09 DEBUG [http-nio-8080-exec-3] com.cpa.uhpocms.serviceimpl.AdminRoleServiceImpl.getAllAdminRole(AdminRoleServiceImpl.java:71) - Entering getAllAdminRole
2023-Mar-14 12:50:09 ERROR [http-nio-8080-exec-3] com.cpa.uhpocms.controller.AdminRoleController.getAllAdminRole(AdminRoleController.java:98) - Exception in getAll: could not extract ResultSet; SQL [n/a]; nested exception is org.hibernate.exception.SQLGrammarException: could not extract ResultSet
2023-Mar-14 12:52:40 INFO [restartedMain] com.cpa.uhpocms.AdminRoleApplication.main(AdminRoleApplication.java:15) - in main class 
2023-Mar-14 12:53:00 INFO [http-nio-8080-exec-2] com.cpa.uhpocms.controller.AdminRoleController.getAllAdminRole(AdminRoleController.java:83) - in getAll method
2023-Mar-14 12:53:00 DEBUG [http-nio-8080-exec-2] com.cpa.uhpocms.controller.AdminRoleController.getAllAdminRole(AdminRoleController.java:84) - in getAllAdminRole method
2023-Mar-14 12:53:00 DEBUG [http-nio-8080-exec-2] com.cpa.uhpocms.serviceimpl.AdminRoleServiceImpl.getAllAdminRole(AdminRoleServiceImpl.java:71) - Entering getAllAdminRole
2023-Mar-14 12:53:01 INFO [http-nio-8080-exec-2] com.cpa.uhpocms.serviceimpl.AdminRoleServiceImpl.getAllAdminRole(AdminRoleServiceImpl.java:74) - Fetched all active users :[AdminRole [roleId=1, isActive=true, roleName=admin, roleDescription=admin huihuhuhui, createdBy=admin, createdOn=2022-12-21 11:26:18.163, modifiedBy=admin, modifiedOn=2022-12-26 11:15:16.342], AdminRole [roleId=2, isActive=true, roleName=teacher, roleDescription=teacher, createdBy=admin, createdOn=2022-12-21 11:26:18.163, modifiedBy=admin, modifiedOn=2022-12-21 11:26:18.163], AdminRole [roleId=3, isActive=true, roleName=student, roleDescription=student, createdBy=admin, createdOn=2022-12-21 11:26:18.163, modifiedBy=admin, modifiedOn=2022-12-21 11:26:18.163]]
2023-Sep-20 11:10:47 INFO [restartedMain] com.cpa.uhpocms.AdminRoleApplication.main(AdminRoleApplication.java:15) - in main class 
2023-Sep-20 11:11:58 INFO [restartedMain] com.cpa.uhpocms.AdminRoleApplication.main(AdminRoleApplication.java:15) - in main class 
2023-Sep-20 11:17:30 INFO [restartedMain] com.cpa.uhpocms.AdminRoleApplication.main(AdminRoleApplication.java:15) - in main class 
