2022-Dec-05 12:40:50 DEBUG [main      ] com.cpa.uhpocms.serviceimpl.InstituteAdminServiceImpl.getAllInstitute(InstituteAdminServiceImpl.java:64) - in GetAllInstituteAdmin method...
2022-Dec-05 12:40:50 INFO [main      ] com.cpa.uhpocms.serviceimpl.InstituteAdminServiceImpl.getAllInstitute(InstituteAdminServiceImpl.java:67) - Fetching All List Data [InstituteAdmin [adminId=1, userRole=admin, firstName=ravi, lastName=g, adminEmail=ravi, dob=12-10-2022, mobilePhone=1223, adminGender=Male, adminDepartment=1, adminAddress1=khradi, adminAddress2=kharadi, adminCity=pune, adminState=mh, adminZip=123, profilePics=ad, createdBy=admin, createdOn=Tue Nov 22 00:53:00 IST 2022, modifiedBy=admin, modifiedOn=Tue Nov 22 00:53:00 IST 2022, activeUser=false, institutionId=1, userId=1]]
2022-Dec-05 12:40:50 DEBUG [main      ] com.cpa.uhpocms.serviceimpl.InstituteAdminServiceImpl.saveInstituteAdmin(InstituteAdminServiceImpl.java:40) - In SaveInstituteAdmin Method...
2022-Dec-05 12:40:50 INFO [main      ] com.cpa.uhpocms.serviceimpl.InstituteAdminServiceImpl.saveInstituteAdmin(InstituteAdminServiceImpl.java:47) - The Values saveInstituteInstituteAdmin [adminId=1, userRole=admin, firstName=ravi, lastName=g, adminEmail=ravi, dob=12-10-2022, mobilePhone=1223, adminGender=Male, adminDepartment=1, adminAddress1=khradi, adminAddress2=kharadi, adminCity=pune, adminState=mh, adminZip=123, profilePics=ad, createdBy=admin, createdOn=Tue Nov 22 00:53:00 IST 2022, modifiedBy=admin, modifiedOn=Tue Nov 22 00:53:00 IST 2022, activeUser=false, institutionId=1, userId=1]
2022-Dec-05 12:40:50 DEBUG [main      ] com.cpa.uhpocms.serviceimpl.InstituteAdminServiceImpl.deleteDepartmentByName(InstituteAdminServiceImpl.java:115) - in deleteByInstituteAdmin Name
2022-Dec-05 12:40:50 DEBUG [main      ] com.cpa.uhpocms.serviceimpl.InstituteAdminServiceImpl.updateInstituteAdmin(InstituteAdminServiceImpl.java:80) - InSaveInstituteAdmin...
2022-Dec-05 12:40:50 INFO [main      ] com.cpa.uhpocms.serviceimpl.InstituteAdminServiceImpl.updateInstituteAdmin(InstituteAdminServiceImpl.java:82) - The Update Method is...InstituteAdmin [adminId=1, userRole=admin, firstName=ravi, lastName=jadhav, adminEmail=ravi, dob=12-10-2022, mobilePhone=1223, adminGender=Male, adminDepartment=1, adminAddress1=khradi, adminAddress2=kharadi, adminCity=pune, adminState=mh, adminZip=123, profilePics=ad, createdBy=admin, createdOn=Mon Dec 05 12:40:50 IST 2022, modifiedBy=admin, modifiedOn=Mon Dec 05 12:40:50 IST 2022, activeUser=false, institutionId=1, userId=1]
2022-Dec-05 12:41:25 INFO [main      ] com.cpa.uhpocms.InstituteAdminApplication.main(InstituteAdminApplication.java:13) - in Main class
2022-Dec-05 12:43:12 INFO [http-nio-8090-exec-5] com.cpa.uhpocms.controller.InstituteAdminController.getAllInstituteAdmin(InstituteAdminController.java:164) - in GetAllIntituteAdminProfile...
2022-Dec-05 12:43:12 DEBUG [http-nio-8090-exec-5] com.cpa.uhpocms.serviceimpl.InstituteAdminServiceImpl.getAllInstitute(InstituteAdminServiceImpl.java:64) - in GetAllInstituteAdmin method...
2022-Dec-05 12:43:13 INFO [http-nio-8090-exec-5] com.cpa.uhpocms.serviceimpl.InstituteAdminServiceImpl.getAllInstitute(InstituteAdminServiceImpl.java:67) - Fetching All List Data []
2022-Dec-05 12:43:13 INFO [http-nio-8090-exec-5] com.cpa.uhpocms.controller.InstituteAdminController.getAllInstituteAdmin(InstituteAdminController.java:170) - GetAllIntituteAdminProfile Values[]
2022-Dec-11 20:38:24 INFO [main      ] com.cpa.uhpocms.InstituteAdminApplication.main(InstituteAdminApplication.java:13) - in Main class
2022-Dec-14 11:41:02 INFO [restartedMain] com.cpa.uhpocms.InstituteAdminApplication.main(InstituteAdminApplication.java:13) - in Main class
2022-Dec-14 12:51:38 INFO [restartedMain] com.cpa.uhpocms.InstituteAdminApplication.main(InstituteAdminApplication.java:13) - in Main class
2022-Dec-14 12:52:40 INFO [http-nio-8090-exec-2] com.cpa.uhpocms.controller.InstituteAdminController.getAllInstituteAdmin(InstituteAdminController.java:164) - in GetAllIntituteAdminProfile...
2022-Dec-14 12:52:40 DEBUG [http-nio-8090-exec-2] com.cpa.uhpocms.serviceimpl.InstituteAdminServiceImpl.getAllInstitute(InstituteAdminServiceImpl.java:64) - in GetAllInstituteAdmin method...
2022-Dec-14 12:52:40 INFO [http-nio-8090-exec-2] com.cpa.uhpocms.serviceimpl.InstituteAdminServiceImpl.getAllInstitute(InstituteAdminServiceImpl.java:67) - Fetching All List Data []
2022-Dec-14 12:52:40 INFO [http-nio-8090-exec-2] com.cpa.uhpocms.controller.InstituteAdminController.getAllInstituteAdmin(InstituteAdminController.java:170) - GetAllIntituteAdminProfile Values[]
2022-Dec-14 13:05:34 INFO [restartedMain] com.cpa.uhpocms.InstituteAdminApplication.main(InstituteAdminApplication.java:13) - in Main class
